[08.06.2021 08:14:03 +00:00] Error, , 
[08.06.2021 08:14:08 +00:00] Error, , 
[08.06.2021 08:16:45 +00:00] Error, , 
[08.06.2021 08:16:45 +00:00] Error, , 
[08.06.2021 08:16:46 +00:00] Error, , 
[08.06.2021 08:17:36 +00:00] Error, , 
[08.06.2021 08:17:37 +00:00] Error, , 
[08.06.2021 08:21:56 +00:00] Error, , 
[08.06.2021 08:22:03 +00:00] Error, , 
[08.06.2021 08:27:56 +00:00] Error, , 
[08.06.2021 08:58:20 +00:00] Error, , 
[08.06.2021 09:15:11 +00:00] Warning, , 
[08.06.2021 09:15:11 +00:00] Warning, , 
[08.06.2021 09:15:11 +00:00] Warning, , 
[08.06.2021 09:15:11 +00:00] Warning, , 
[08.06.2021 10:23:32 +00:00] Error, , 
[08.06.2021 11:25:28 +00:00] Error, , 
[08.06.2021 11:55:11 +00:00] Error, , 
[08.06.2021 15:05:32 +00:00] Error, , 
[08.06.2021 15:06:04 +00:00] Error, , 
[08.06.2021 15:06:04 +00:00] Error, , 
[08.06.2021 15:09:59 +00:00] Error, , 
[08.06.2021 15:12:22 +00:00] Error, , 
[08.06.2021 15:12:29 +00:00] Error, An unhandled exception has occurred while executing the request.,    at Microsoft.Extensions.Logging.Logger.ThrowLoggingError(List`1 exceptions)
   at Microsoft.Extensions.Logging.Logger.Log[TState](LogLevel logLevel, EventId eventId, TState state, Exception exception, Func`3 formatter)
   at Microsoft.Extensions.Logging.Logger`1.Microsoft.Extensions.Logging.ILogger.Log[TState](LogLevel logLevel, EventId eventId, TState state, Exception exception, Func`3 formatter)
   at Microsoft.Extensions.Logging.LoggerExtensions.Log(ILogger logger, LogLevel logLevel, EventId eventId, Exception exception, String message, Object[] args)
   at Microsoft.Extensions.Logging.LoggerExtensions.LogError(ILogger logger, String message, Object[] args)
   at EdProject.PresentationLayer.Middleware.ExceptionMiddleware.InvokeAsync(HttpContext httpContext) in C:\Users\Anuitex-96\source\repos\EdProject\EdProject.PresentationLayer\Middleware\ExceptionMiddleware.cs:line 34
   at Microsoft.AspNetCore.Authorization.AuthorizationMiddleware.Invoke(HttpContext context)
   at Microsoft.AspNetCore.Authentication.AuthenticationMiddleware.Invoke(HttpContext context)
   at Swashbuckle.AspNetCore.SwaggerUI.SwaggerUIMiddleware.Invoke(HttpContext httpContext)
   at Swashbuckle.AspNetCore.Swagger.SwaggerMiddleware.Invoke(HttpContext httpContext, ISwaggerProvider swaggerProvider)
   at Microsoft.AspNetCore.Diagnostics.DeveloperExceptionPageMiddleware.Invoke(HttpContext context)
[08.06.2021 15:12:29 +00:00] Warning, , 
[08.06.2021 15:12:29 +00:00] Error, Connection ID "14123288437339467900", Request ID "8000307d-0001-c400-b63f-84710c7967bb": An unhandled exception was thrown by the application.,    at Microsoft.Extensions.Logging.Logger.ThrowLoggingError(List`1 exceptions)
   at Microsoft.Extensions.Logging.Logger.Log[TState](LogLevel logLevel, EventId eventId, TState state, Exception exception, Func`3 formatter)
   at Microsoft.Extensions.Logging.Logger`1.Microsoft.Extensions.Logging.ILogger.Log[TState](LogLevel logLevel, EventId eventId, TState state, Exception exception, Func`3 formatter)
   at Microsoft.Extensions.Logging.LoggerExtensions.Log(ILogger logger, LogLevel logLevel, EventId eventId, Exception exception, String message, Object[] args)
   at Microsoft.Extensions.Logging.LoggerExtensions.LogError(ILogger logger, String message, Object[] args)
   at EdProject.PresentationLayer.Middleware.ExceptionMiddleware.InvokeAsync(HttpContext httpContext) in C:\Users\Anuitex-96\source\repos\EdProject\EdProject.PresentationLayer\Middleware\ExceptionMiddleware.cs:line 34
   at Microsoft.AspNetCore.Authorization.AuthorizationMiddleware.Invoke(HttpContext context)
   at Microsoft.AspNetCore.Authentication.AuthenticationMiddleware.Invoke(HttpContext context)
   at Swashbuckle.AspNetCore.SwaggerUI.SwaggerUIMiddleware.Invoke(HttpContext httpContext)
   at Swashbuckle.AspNetCore.Swagger.SwaggerMiddleware.Invoke(HttpContext httpContext, ISwaggerProvider swaggerProvider)
   at Microsoft.AspNetCore.Diagnostics.DeveloperExceptionPageMiddleware.Invoke(HttpContext context)
   at Microsoft.AspNetCore.Diagnostics.DeveloperExceptionPageMiddleware.Invoke(HttpContext context)
   at Microsoft.AspNetCore.Server.IIS.Core.IISHttpContextOfT`1.ProcessRequestAsync()
