[2021-04-26 07:24:47+00:00] [Error] - Generating browser application bundles...
 
[2021-04-26 07:24:50+00:00] [Error] ΓêÜ Browser application bundle generation complete.
 
[2021-04-26 09:33:15+00:00] [Error] Compiling @angular/forms : es2015 as esm2015
 
[2021-04-26 09:33:17+00:00] [Error] Compiling @angular/common/http : es2015 as esm2015
 
[2021-04-26 09:33:20+00:00] [Error] - Generating browser application bundles...
 
[2021-04-26 09:33:24+00:00] [Error] ΓêÜ Browser application bundle generation complete.
 
[2021-04-26 09:33:25+00:00] [Error] - Generating browser application bundles...
 
[2021-04-26 09:33:26+00:00] [Error] ΓêÜ Browser application bundle generation complete.
 
[2021-04-26 09:37:54+00:00] [Error] - Generating browser application bundles...
 
[2021-04-26 09:37:57+00:00] [Error] ΓêÜ Browser application bundle generation complete.
 
[2021-04-26 09:40:46+00:00] [Error] - Generating browser application bundles...
 
[2021-04-26 09:40:47+00:00] [Error] ΓêÜ Browser application bundle generation complete.
 
[2021-04-26 09:42:44+00:00] [Error] - Generating browser application bundles...
 
[2021-04-26 09:42:47+00:00] [Error] ΓêÜ Browser application bundle generation complete.
 
[2021-04-26 09:44:09+00:00] [Error] - Generating browser application bundles...
 
[2021-04-26 09:44:13+00:00] [Error] ΓêÜ Browser application bundle generation complete.
 
[2021-04-26 09:55:50+00:00] [Error] - Generating browser application bundles...
 
[2021-04-26 09:55:53+00:00] [Error] ΓêÜ Browser application bundle generation complete.
 
[2021-04-26 10:01:22+00:00] [Error] - Generating browser application bundles...
 
[2021-04-26 10:01:25+00:00] [Error] ΓêÜ Browser application bundle generation complete.
 
[2021-04-26 10:09:49+00:00] [Error] - Generating browser application bundles...
 
[2021-04-26 10:09:52+00:00] [Error] ΓêÜ Browser application bundle generation complete.
 
[2021-04-26 10:10:15+00:00] [Error] Failed to proxy the request to http://api/Accounts/Registration, because the request to the proxy target failed. Check that the proxy target server is running and accepting requests to http://localhost:53141/.

The underlying exception message was 'No such host is known. (api:80)'.Check the InnerException for more details. 
[2021-04-26 10:12:11+00:00] [Error] - Generating browser application bundles...
 
[2021-04-26 10:12:14+00:00] [Error] ΓêÜ Browser application bundle generation complete.
 
[2021-04-26 10:12:36+00:00] [Error] Failed to proxy the request to http://accounts/Registration, because the request to the proxy target failed. Check that the proxy target server is running and accepting requests to http://localhost:53233/.

The underlying exception message was 'No such host is known. (accounts:80)'.Check the InnerException for more details. 
[2021-04-26 10:13:16+00:00] [Error] - Generating browser application bundles...
 
[2021-04-26 10:13:16+00:00] [Error] ΓêÜ Browser application bundle generation complete.
 
[2021-04-26 10:28:05+00:00] [Error] - Generating browser application bundles...
 
[2021-04-26 10:28:08+00:00] [Error] ΓêÜ Browser application bundle generation complete.
 
[2021-04-26 10:41:56+00:00] [Error] - Generating browser application bundles...
 
[2021-04-26 10:41:59+00:00] [Error] ΓêÜ Browser application bundle generation complete.
 
[2021-04-26 10:55:25+00:00] [Error] - Generating browser application bundles...
 
[2021-04-26 10:55:29+00:00] [Error] ΓêÜ Browser application bundle generation complete.
 
[2021-04-26 10:59:39+00:00] [Error] - Generating browser application bundles...
 
[2021-04-26 10:59:43+00:00] [Error] ΓêÜ Browser application bundle generation complete.
 
[2021-04-26 11:08:28+00:00] [Error] - Generating browser application bundles...
 
[2021-04-26 11:08:31+00:00] [Error] ΓêÜ Browser application bundle generation complete.
 
[2021-04-26 11:10:03+00:00] [Error] - Generating browser application bundles...
 
[2021-04-26 11:10:06+00:00] [Error] ΓêÜ Browser application bundle generation complete.
 
[2021-04-26 11:41:31+00:00] [Error] - Generating browser application bundles...
 
[2021-04-26 11:41:35+00:00] [Error] ΓêÜ Browser application bundle generation complete.
 
[2021-04-26 11:51:16+00:00] [Error] - Generating browser application bundles...
 
[2021-04-26 11:51:19+00:00] [Error] ΓêÜ Browser application bundle generation complete.
 
[2021-04-26 11:55:14+00:00] [Error] - Generating browser application bundles...
 
[2021-04-26 11:55:17+00:00] [Error] ΓêÜ Browser application bundle generation complete.
 
[2021-04-26 12:44:59+00:00] [Error] - Generating browser application bundles...
 
[2021-04-26 12:45:04+00:00] [Error] ΓêÜ Browser application bundle generation complete.
 
[2021-04-26 12:48:00+00:00] [Error] - Generating browser application bundles...
 
[2021-04-26 12:48:01+00:00] [Error] ΓêÜ Browser application bundle generation complete.
 
[2021-04-26 12:48:06+00:00] [Error] - Generating browser application bundles...
 
[2021-04-26 12:48:07+00:00] [Error] ΓêÜ Browser application bundle generation complete.
 
[2021-04-26 12:49:23+00:00] [Error] - Generating browser application bundles...
 
[2021-04-26 12:49:23+00:00] [Error] ΓêÜ Browser application bundle generation complete.
 
[2021-04-26 12:53:22+00:00] [Error] - Generating browser application bundles...
 
[2021-04-26 12:53:25+00:00] [Error] ΓêÜ Browser application bundle generation complete.
 
[2021-04-26 13:02:35+00:00] [Error] - Generating browser application bundles...
 
[2021-04-26 13:02:38+00:00] [Error] ΓêÜ Browser application bundle generation complete.
 
[2021-04-26 13:13:08+00:00] [Error] - Generating browser application bundles...
 
[2021-04-26 13:13:12+00:00] [Error] ΓêÜ Browser application bundle generation complete.
 
[2021-04-26 15:11:13+00:00] [Error] - Generating browser application bundles...
 
[2021-04-26 15:11:16+00:00] [Error] ΓêÜ Browser application bundle generation complete.
 
