[02.07.2021 07:21:47 +00:00] Warning, , 
[02.07.2021 07:21:47 +00:00] Warning, , 
[02.07.2021 07:22:57 +00:00] Warning, , 
[02.07.2021 07:22:57 +00:00] Warning, , 
[02.07.2021 08:11:10 +00:00] Warning, , 
[02.07.2021 08:11:10 +00:00] Warning, , 
[02.07.2021 08:11:16 +00:00] Warning, , 
[02.07.2021 08:42:54 +00:00] Warning, , 
[02.07.2021 08:42:54 +00:00] Warning, , 
[02.07.2021 08:43:36 +00:00] Warning, , 
[02.07.2021 08:43:36 +00:00] Warning, , 
[02.07.2021 08:44:47 +00:00] Warning, , 
[02.07.2021 08:44:47 +00:00] Warning, , 
[02.07.2021 08:53:07 +00:00] Warning, , 
[02.07.2021 08:53:07 +00:00] Warning, , 
[02.07.2021 08:53:09 +00:00] Warning, , 
[02.07.2021 08:53:09 +00:00] Warning, , 
[02.07.2021 08:54:26 +00:00] Warning, , 
[02.07.2021 08:54:26 +00:00] Warning, , 
[02.07.2021 08:54:27 +00:00] Warning, , 
[02.07.2021 08:54:27 +00:00] Warning, , 
[02.07.2021 10:25:54 +00:00] Warning, , 
[02.07.2021 10:25:54 +00:00] Warning, , 
[02.07.2021 10:26:01 +00:00] Warning, , 
[02.07.2021 10:26:01 +00:00] Warning, , 
[02.07.2021 10:27:40 +00:00] Warning, , 
[02.07.2021 10:27:40 +00:00] Warning, , 
[02.07.2021 10:27:47 +00:00] Warning, , 
[02.07.2021 10:27:47 +00:00] Warning, , 
[02.07.2021 11:26:14 +00:00] Warning, , 
[02.07.2021 11:26:14 +00:00] Warning, , 
[02.07.2021 11:26:14 +00:00] Warning, , 
[02.07.2021 11:26:14 +00:00] Warning, , 
[02.07.2021 11:29:17 +00:00] Warning, , 
[02.07.2021 11:29:17 +00:00] Warning, , 
[02.07.2021 11:48:37 +00:00] Warning, , 
[02.07.2021 11:48:37 +00:00] Warning, , 
[02.07.2021 11:48:40 +00:00] Warning, , 
[02.07.2021 12:09:12 +00:00] Error, , 
[02.07.2021 12:09:12 +00:00] Error, , 
[02.07.2021 12:09:12 +00:00] Error, , 
[02.07.2021 12:09:12 +00:00] Error, , 
[02.07.2021 12:09:13 +00:00] Error, An unhandled exception has occurred while executing the request.,    at Microsoft.Extensions.Logging.Logger.ThrowLoggingError(List`1 exceptions)
   at Microsoft.Extensions.Logging.Logger.Log[TState](LogLevel logLevel, EventId eventId, TState state, Exception exception, Func`3 formatter)
   at Microsoft.Extensions.Logging.Logger`1.Microsoft.Extensions.Logging.ILogger.Log[TState](LogLevel logLevel, EventId eventId, TState state, Exception exception, Func`3 formatter)
   at Microsoft.Extensions.Logging.LoggerExtensions.Log(ILogger logger, LogLevel logLevel, EventId eventId, Exception exception, String message, Object[] args)
   at Microsoft.Extensions.Logging.LoggerExtensions.LogError(ILogger logger, String message, Object[] args)
   at EdProject.PresentationLayer.Middleware.ExceptionMiddleware.InvokeAsync(HttpContext httpContext) in C:\Users\Anuitex-96\source\repos\EdProject\EdProject.PresentationLayer\Middleware\ExceptionMiddleware.cs:line 34
   at Microsoft.AspNetCore.Authorization.AuthorizationMiddleware.Invoke(HttpContext context)
   at Microsoft.AspNetCore.Authentication.AuthenticationMiddleware.Invoke(HttpContext context)
   at Microsoft.AspNetCore.Routing.EndpointRoutingMiddleware.<Invoke>g__AwaitMatcher|8_0(EndpointRoutingMiddleware middleware, HttpContext httpContext, Task`1 matcherTask)
   at Swashbuckle.AspNetCore.SwaggerUI.SwaggerUIMiddleware.Invoke(HttpContext httpContext)
   at Swashbuckle.AspNetCore.Swagger.SwaggerMiddleware.Invoke(HttpContext httpContext, ISwaggerProvider swaggerProvider)
   at Microsoft.AspNetCore.Diagnostics.DeveloperExceptionPageMiddleware.Invoke(HttpContext context)
[02.07.2021 12:09:13 +00:00] Warning, , 
[02.07.2021 12:09:13 +00:00] Error, Connection ID "18302628895834244941", Request ID "8000074e-0002-fe00-b63f-84710c7967bb": An unhandled exception was thrown by the application.,    at Microsoft.Extensions.Logging.Logger.ThrowLoggingError(List`1 exceptions)
   at Microsoft.Extensions.Logging.Logger.Log[TState](LogLevel logLevel, EventId eventId, TState state, Exception exception, Func`3 formatter)
   at Microsoft.Extensions.Logging.Logger`1.Microsoft.Extensions.Logging.ILogger.Log[TState](LogLevel logLevel, EventId eventId, TState state, Exception exception, Func`3 formatter)
   at Microsoft.Extensions.Logging.LoggerExtensions.Log(ILogger logger, LogLevel logLevel, EventId eventId, Exception exception, String message, Object[] args)
   at Microsoft.Extensions.Logging.LoggerExtensions.LogError(ILogger logger, String message, Object[] args)
   at EdProject.PresentationLayer.Middleware.ExceptionMiddleware.InvokeAsync(HttpContext httpContext) in C:\Users\Anuitex-96\source\repos\EdProject\EdProject.PresentationLayer\Middleware\ExceptionMiddleware.cs:line 34
   at Microsoft.AspNetCore.Authorization.AuthorizationMiddleware.Invoke(HttpContext context)
   at Microsoft.AspNetCore.Authentication.AuthenticationMiddleware.Invoke(HttpContext context)
   at Microsoft.AspNetCore.Routing.EndpointRoutingMiddleware.<Invoke>g__AwaitMatcher|8_0(EndpointRoutingMiddleware middleware, HttpContext httpContext, Task`1 matcherTask)
   at Swashbuckle.AspNetCore.SwaggerUI.SwaggerUIMiddleware.Invoke(HttpContext httpContext)
   at Swashbuckle.AspNetCore.Swagger.SwaggerMiddleware.Invoke(HttpContext httpContext, ISwaggerProvider swaggerProvider)
   at Microsoft.AspNetCore.Diagnostics.DeveloperExceptionPageMiddleware.Invoke(HttpContext context)
   at Microsoft.AspNetCore.Diagnostics.DeveloperExceptionPageMiddleware.Invoke(HttpContext context)
   at Microsoft.AspNetCore.Server.IIS.Core.IISHttpContextOfT`1.ProcessRequestAsync()
[02.07.2021 12:10:09 +00:00] Warning, , 
[02.07.2021 12:10:09 +00:00] Warning, , 
[02.07.2021 12:10:09 +00:00] Warning, , 
[02.07.2021 12:10:09 +00:00] Warning, , 
[02.07.2021 12:10:22 +00:00] Warning, , 
[02.07.2021 12:10:22 +00:00] Warning, , 
[02.07.2021 12:10:22 +00:00] Warning, , 
[02.07.2021 12:10:22 +00:00] Warning, , 
[02.07.2021 12:15:59 +00:00] Warning, , 
[02.07.2021 12:15:59 +00:00] Warning, , 
[02.07.2021 12:15:59 +00:00] Warning, , 
[02.07.2021 12:15:59 +00:00] Warning, , 
[02.07.2021 12:15:59 +00:00] Warning, , 
[02.07.2021 12:15:59 +00:00] Warning, , 
[02.07.2021 12:16:00 +00:00] Warning, , 
[02.07.2021 12:16:00 +00:00] Warning, , 
[02.07.2021 12:56:08 +00:00] Warning, , 
[02.07.2021 12:56:08 +00:00] Warning, , 
[02.07.2021 12:56:10 +00:00] Warning, , 
[02.07.2021 14:00:47 +00:00] Warning, , 
[02.07.2021 14:00:47 +00:00] Warning, , 
[02.07.2021 14:11:52 +00:00] Warning, , 
