[09.06.2021 08:00:13 +00:00] Error, , 
[09.06.2021 08:01:13 +00:00] Error, , 
[09.06.2021 08:02:18 +00:00] Error, , 
[09.06.2021 08:02:32 +00:00] Error, , 
[09.06.2021 08:02:36 +00:00] Error, , 
[09.06.2021 08:02:47 +00:00] Error, , 
[09.06.2021 08:03:23 +00:00] Error, , 
[09.06.2021 08:07:28 +00:00] Warning, , 
[09.06.2021 08:07:48 +00:00] Warning, , 
[09.06.2021 08:11:12 +00:00] Warning, , 
[09.06.2021 08:14:02 +00:00] Warning, , 
[09.06.2021 08:14:38 +00:00] Warning, , 
[09.06.2021 08:15:06 +00:00] Warning, , 
[09.06.2021 08:20:53 +00:00] Warning, , 
[09.06.2021 08:20:56 +00:00] Error, , 
[09.06.2021 08:22:34 +00:00] Warning, , 
[09.06.2021 08:23:38 +00:00] Warning, , 
[09.06.2021 08:23:45 +00:00] Error, , 
[09.06.2021 08:25:15 +00:00] Error, , 
[09.06.2021 08:28:07 +00:00] Error, , 
[09.06.2021 09:03:58 +00:00] Warning, , 
[09.06.2021 09:04:14 +00:00] Error, , 
[09.06.2021 09:16:18 +00:00] Warning, , 
[09.06.2021 09:16:18 +00:00] Warning, , 
[09.06.2021 09:20:39 +00:00] Warning, , 
[09.06.2021 09:21:12 +00:00] Warning, , 
[09.06.2021 09:22:55 +00:00] Warning, , 
[09.06.2021 09:22:55 +00:00] Warning, , 
[09.06.2021 09:29:52 +00:00] Warning, , 
[09.06.2021 09:31:20 +00:00] Warning, , 
[09.06.2021 09:31:28 +00:00] Warning, , 
[09.06.2021 09:31:37 +00:00] Warning, , 
[09.06.2021 09:54:29 +00:00] Error, , 
[09.06.2021 09:55:00 +00:00] Error, , 
[09.06.2021 10:01:46 +00:00] Error, , 
[09.06.2021 10:27:51 +00:00] Error, , 
[09.06.2021 10:27:54 +00:00] Error, An unhandled exception has occurred while executing the request.,    at Microsoft.Extensions.Logging.Logger.ThrowLoggingError(List`1 exceptions)
   at Microsoft.Extensions.Logging.Logger.Log[TState](LogLevel logLevel, EventId eventId, TState state, Exception exception, Func`3 formatter)
   at Microsoft.Extensions.Logging.Logger`1.Microsoft.Extensions.Logging.ILogger.Log[TState](LogLevel logLevel, EventId eventId, TState state, Exception exception, Func`3 formatter)
   at Microsoft.Extensions.Logging.LoggerExtensions.Log(ILogger logger, LogLevel logLevel, EventId eventId, Exception exception, String message, Object[] args)
   at Microsoft.Extensions.Logging.LoggerExtensions.LogError(ILogger logger, String message, Object[] args)
   at EdProject.PresentationLayer.Middleware.ExceptionMiddleware.InvokeAsync(HttpContext httpContext) in C:\Users\Anuitex-96\source\repos\EdProject\EdProject.PresentationLayer\Middleware\ExceptionMiddleware.cs:line 34
   at Microsoft.AspNetCore.Authorization.AuthorizationMiddleware.Invoke(HttpContext context)
   at Microsoft.AspNetCore.Authentication.AuthenticationMiddleware.Invoke(HttpContext context)
   at Swashbuckle.AspNetCore.SwaggerUI.SwaggerUIMiddleware.Invoke(HttpContext httpContext)
   at Swashbuckle.AspNetCore.Swagger.SwaggerMiddleware.Invoke(HttpContext httpContext, ISwaggerProvider swaggerProvider)
   at Microsoft.AspNetCore.Diagnostics.DeveloperExceptionPageMiddleware.Invoke(HttpContext context)
[09.06.2021 10:27:54 +00:00] Warning, , 
[09.06.2021 10:27:54 +00:00] Error, Connection ID "15924728296877608564", Request ID "80004e75-0003-dd00-b63f-84710c7967bb": An unhandled exception was thrown by the application.,    at Microsoft.Extensions.Logging.Logger.ThrowLoggingError(List`1 exceptions)
   at Microsoft.Extensions.Logging.Logger.Log[TState](LogLevel logLevel, EventId eventId, TState state, Exception exception, Func`3 formatter)
   at Microsoft.Extensions.Logging.Logger`1.Microsoft.Extensions.Logging.ILogger.Log[TState](LogLevel logLevel, EventId eventId, TState state, Exception exception, Func`3 formatter)
   at Microsoft.Extensions.Logging.LoggerExtensions.Log(ILogger logger, LogLevel logLevel, EventId eventId, Exception exception, String message, Object[] args)
   at Microsoft.Extensions.Logging.LoggerExtensions.LogError(ILogger logger, String message, Object[] args)
   at EdProject.PresentationLayer.Middleware.ExceptionMiddleware.InvokeAsync(HttpContext httpContext) in C:\Users\Anuitex-96\source\repos\EdProject\EdProject.PresentationLayer\Middleware\ExceptionMiddleware.cs:line 34
   at Microsoft.AspNetCore.Authorization.AuthorizationMiddleware.Invoke(HttpContext context)
   at Microsoft.AspNetCore.Authentication.AuthenticationMiddleware.Invoke(HttpContext context)
   at Swashbuckle.AspNetCore.SwaggerUI.SwaggerUIMiddleware.Invoke(HttpContext httpContext)
   at Swashbuckle.AspNetCore.Swagger.SwaggerMiddleware.Invoke(HttpContext httpContext, ISwaggerProvider swaggerProvider)
   at Microsoft.AspNetCore.Diagnostics.DeveloperExceptionPageMiddleware.Invoke(HttpContext context)
   at Microsoft.AspNetCore.Diagnostics.DeveloperExceptionPageMiddleware.Invoke(HttpContext context)
   at Microsoft.AspNetCore.Server.IIS.Core.IISHttpContextOfT`1.ProcessRequestAsync()
[09.06.2021 11:14:04 +00:00] Error, , 
[09.06.2021 11:14:49 +00:00] Error, , 
[09.06.2021 11:22:10 +00:00] Error, , 
[09.06.2021 12:07:43 +00:00] Error, , 
[09.06.2021 12:08:10 +00:00] Error, , 
[09.06.2021 12:16:26 +00:00] Error, , 
