[31.05.2021 08:12:22 +00:00] Error, , 
[31.05.2021 08:12:22 +00:00] Error, An exception occurred in the database while saving changes for context type 'EdProject.DAL.DataContext.AppDbContext'.
Microsoft.EntityFrameworkCore.DbUpdateException: An error occurred while updating the entries. See the inner exception for details.
 ---> Microsoft.Data.SqlClient.SqlException (0x80131904): Cannot insert explicit value for identity column in table 'Authors' when IDENTITY_INSERT is set to OFF.
   at Microsoft.Data.SqlClient.SqlCommand.<>c.<ExecuteDbDataReaderAsync>b__169_0(Task`1 result)
   at System.Threading.Tasks.ContinuationResultTaskFromResultTask`2.InnerInvoke()
   at System.Threading.Tasks.Task.<>c.<.cctor>b__277_0(Object obj)
   at System.Threading.ExecutionContext.RunInternal(ExecutionContext executionContext, ContextCallback callback, Object state)
--- End of stack trace from previous location ---
   at System.Threading.ExecutionContext.RunInternal(ExecutionContext executionContext, ContextCallback callback, Object state)
   at System.Threading.Tasks.Task.ExecuteWithThreadLocal(Task& currentTaskSlot, Thread threadPoolThread)
--- End of stack trace from previous location ---
   at Microsoft.EntityFrameworkCore.Storage.RelationalCommand.ExecuteReaderAsync(RelationalCommandParameterObject parameterObject, CancellationToken cancellationToken)
   at Microsoft.EntityFrameworkCore.Storage.RelationalCommand.ExecuteReaderAsync(RelationalCommandParameterObject parameterObject, CancellationToken cancellationToken)
   at Microsoft.EntityFrameworkCore.Update.ReaderModificationCommandBatch.ExecuteAsync(IRelationalConnection connection, CancellationToken cancellationToken)
ClientConnectionId:877cc9eb-5a7d-49bc-a45d-d887a896c8af
Error Number:544,State:1,Class:16
   --- End of inner exception stack trace ---
   at Microsoft.EntityFrameworkCore.Update.ReaderModificationCommandBatch.ExecuteAsync(IRelationalConnection connection, CancellationToken cancellationToken)
   at Microsoft.EntityFrameworkCore.Update.Internal.BatchExecutor.ExecuteAsync(IEnumerable`1 commandBatches, IRelationalConnection connection, CancellationToken cancellationToken)
   at Microsoft.EntityFrameworkCore.Update.Internal.BatchExecutor.ExecuteAsync(IEnumerable`1 commandBatches, IRelationalConnection connection, CancellationToken cancellationToken)
   at Microsoft.EntityFrameworkCore.Update.Internal.BatchExecutor.ExecuteAsync(IEnumerable`1 commandBatches, IRelationalConnection connection, CancellationToken cancellationToken)
   at Microsoft.EntityFrameworkCore.ChangeTracking.Internal.StateManager.SaveChangesAsync(IList`1 entriesToSave, CancellationToken cancellationToken)
   at Microsoft.EntityFrameworkCore.ChangeTracking.Internal.StateManager.SaveChangesAsync(DbContext _, Boolean acceptAllChangesOnSuccess, CancellationToken cancellationToken)
   at Microsoft.EntityFrameworkCore.SqlServer.Storage.Internal.SqlServerExecutionStrategy.ExecuteAsync[TState,TResult](TState state, Func`4 operation, Func`4 verifySucceeded, CancellationToken cancellationToken)
   at Microsoft.EntityFrameworkCore.DbContext.SaveChangesAsync(Boolean acceptAllChangesOnSuccess, CancellationToken cancellationToken),    at Microsoft.EntityFrameworkCore.Update.ReaderModificationCommandBatch.ExecuteAsync(IRelationalConnection connection, CancellationToken cancellationToken)
   at Microsoft.EntityFrameworkCore.Update.Internal.BatchExecutor.ExecuteAsync(IEnumerable`1 commandBatches, IRelationalConnection connection, CancellationToken cancellationToken)
   at Microsoft.EntityFrameworkCore.Update.Internal.BatchExecutor.ExecuteAsync(IEnumerable`1 commandBatches, IRelationalConnection connection, CancellationToken cancellationToken)
   at Microsoft.EntityFrameworkCore.Update.Internal.BatchExecutor.ExecuteAsync(IEnumerable`1 commandBatches, IRelationalConnection connection, CancellationToken cancellationToken)
   at Microsoft.EntityFrameworkCore.ChangeTracking.Internal.StateManager.SaveChangesAsync(IList`1 entriesToSave, CancellationToken cancellationToken)
   at Microsoft.EntityFrameworkCore.ChangeTracking.Internal.StateManager.SaveChangesAsync(DbContext _, Boolean acceptAllChangesOnSuccess, CancellationToken cancellationToken)
   at Microsoft.EntityFrameworkCore.SqlServer.Storage.Internal.SqlServerExecutionStrategy.ExecuteAsync[TState,TResult](TState state, Func`4 operation, Func`4 verifySucceeded, CancellationToken cancellationToken)
   at Microsoft.EntityFrameworkCore.DbContext.SaveChangesAsync(Boolean acceptAllChangesOnSuccess, CancellationToken cancellationToken)
[31.05.2021 08:12:22 +00:00] Error, , 
[31.05.2021 08:13:47 +00:00] Error, , 
[31.05.2021 08:13:47 +00:00] Error, An exception occurred in the database while saving changes for context type 'EdProject.DAL.DataContext.AppDbContext'.
Microsoft.EntityFrameworkCore.DbUpdateException: An error occurred while updating the entries. See the inner exception for details.
 ---> Microsoft.Data.SqlClient.SqlException (0x80131904): Cannot insert explicit value for identity column in table 'Authors' when IDENTITY_INSERT is set to OFF.
   at Microsoft.Data.SqlClient.SqlCommand.<>c.<ExecuteDbDataReaderAsync>b__169_0(Task`1 result)
   at System.Threading.Tasks.ContinuationResultTaskFromResultTask`2.InnerInvoke()
   at System.Threading.Tasks.Task.<>c.<.cctor>b__277_0(Object obj)
   at System.Threading.ExecutionContext.RunInternal(ExecutionContext executionContext, ContextCallback callback, Object state)
--- End of stack trace from previous location ---
   at System.Threading.Tasks.Task.ExecuteWithThreadLocal(Task& currentTaskSlot, Thread threadPoolThread)
--- End of stack trace from previous location ---
   at Microsoft.EntityFrameworkCore.Storage.RelationalCommand.ExecuteReaderAsync(RelationalCommandParameterObject parameterObject, CancellationToken cancellationToken)
   at Microsoft.EntityFrameworkCore.Storage.RelationalCommand.ExecuteReaderAsync(RelationalCommandParameterObject parameterObject, CancellationToken cancellationToken)
   at Microsoft.EntityFrameworkCore.Update.ReaderModificationCommandBatch.ExecuteAsync(IRelationalConnection connection, CancellationToken cancellationToken)
ClientConnectionId:877cc9eb-5a7d-49bc-a45d-d887a896c8af
Error Number:544,State:1,Class:16
   --- End of inner exception stack trace ---
   at Microsoft.EntityFrameworkCore.Update.ReaderModificationCommandBatch.ExecuteAsync(IRelationalConnection connection, CancellationToken cancellationToken)
   at Microsoft.EntityFrameworkCore.Update.Internal.BatchExecutor.ExecuteAsync(IEnumerable`1 commandBatches, IRelationalConnection connection, CancellationToken cancellationToken)
   at Microsoft.EntityFrameworkCore.Update.Internal.BatchExecutor.ExecuteAsync(IEnumerable`1 commandBatches, IRelationalConnection connection, CancellationToken cancellationToken)
   at Microsoft.EntityFrameworkCore.Update.Internal.BatchExecutor.ExecuteAsync(IEnumerable`1 commandBatches, IRelationalConnection connection, CancellationToken cancellationToken)
   at Microsoft.EntityFrameworkCore.ChangeTracking.Internal.StateManager.SaveChangesAsync(IList`1 entriesToSave, CancellationToken cancellationToken)
   at Microsoft.EntityFrameworkCore.ChangeTracking.Internal.StateManager.SaveChangesAsync(DbContext _, Boolean acceptAllChangesOnSuccess, CancellationToken cancellationToken)
   at Microsoft.EntityFrameworkCore.SqlServer.Storage.Internal.SqlServerExecutionStrategy.ExecuteAsync[TState,TResult](TState state, Func`4 operation, Func`4 verifySucceeded, CancellationToken cancellationToken)
   at Microsoft.EntityFrameworkCore.DbContext.SaveChangesAsync(Boolean acceptAllChangesOnSuccess, CancellationToken cancellationToken),    at Microsoft.EntityFrameworkCore.Update.ReaderModificationCommandBatch.ExecuteAsync(IRelationalConnection connection, CancellationToken cancellationToken)
   at Microsoft.EntityFrameworkCore.Update.Internal.BatchExecutor.ExecuteAsync(IEnumerable`1 commandBatches, IRelationalConnection connection, CancellationToken cancellationToken)
   at Microsoft.EntityFrameworkCore.Update.Internal.BatchExecutor.ExecuteAsync(IEnumerable`1 commandBatches, IRelationalConnection connection, CancellationToken cancellationToken)
   at Microsoft.EntityFrameworkCore.Update.Internal.BatchExecutor.ExecuteAsync(IEnumerable`1 commandBatches, IRelationalConnection connection, CancellationToken cancellationToken)
   at Microsoft.EntityFrameworkCore.ChangeTracking.Internal.StateManager.SaveChangesAsync(IList`1 entriesToSave, CancellationToken cancellationToken)
   at Microsoft.EntityFrameworkCore.ChangeTracking.Internal.StateManager.SaveChangesAsync(DbContext _, Boolean acceptAllChangesOnSuccess, CancellationToken cancellationToken)
   at Microsoft.EntityFrameworkCore.SqlServer.Storage.Internal.SqlServerExecutionStrategy.ExecuteAsync[TState,TResult](TState state, Func`4 operation, Func`4 verifySucceeded, CancellationToken cancellationToken)
   at Microsoft.EntityFrameworkCore.DbContext.SaveChangesAsync(Boolean acceptAllChangesOnSuccess, CancellationToken cancellationToken)
[31.05.2021 08:13:48 +00:00] Error, , 
[31.05.2021 08:32:05 +00:00] Error, , 
[31.05.2021 08:43:22 +00:00] Error, , 
[31.05.2021 09:31:15 +00:00] Error, , 
[31.05.2021 09:31:15 +00:00] Error, An exception occurred in the database while saving changes for context type 'EdProject.DAL.DataContext.AppDbContext'.
Microsoft.EntityFrameworkCore.DbUpdateException: An error occurred while updating the entries. See the inner exception for details.
 ---> Microsoft.Data.SqlClient.SqlException (0x80131904): The INSERT statement conflicted with the FOREIGN KEY constraint "FK_Orders_AspNetUsers_UserId". The conflict occurred in database "EdProjectDb", table "dbo.AspNetUsers", column 'Id'.
The statement has been terminated.
   at Microsoft.Data.SqlClient.SqlCommand.<>c.<ExecuteDbDataReaderAsync>b__169_0(Task`1 result)
   at System.Threading.Tasks.ContinuationResultTaskFromResultTask`2.InnerInvoke()
   at System.Threading.Tasks.Task.<>c.<.cctor>b__277_0(Object obj)
   at System.Threading.ExecutionContext.RunInternal(ExecutionContext executionContext, ContextCallback callback, Object state)
--- End of stack trace from previous location ---
   at System.Threading.ExecutionContext.RunInternal(ExecutionContext executionContext, ContextCallback callback, Object state)
   at System.Threading.Tasks.Task.ExecuteWithThreadLocal(Task& currentTaskSlot, Thread threadPoolThread)
--- End of stack trace from previous location ---
   at Microsoft.EntityFrameworkCore.Storage.RelationalCommand.ExecuteReaderAsync(RelationalCommandParameterObject parameterObject, CancellationToken cancellationToken)
   at Microsoft.EntityFrameworkCore.Storage.RelationalCommand.ExecuteReaderAsync(RelationalCommandParameterObject parameterObject, CancellationToken cancellationToken)
   at Microsoft.EntityFrameworkCore.Update.ReaderModificationCommandBatch.ExecuteAsync(IRelationalConnection connection, CancellationToken cancellationToken)
ClientConnectionId:5d49769f-0aa0-4e04-b338-c45d11782c80
Error Number:547,State:0,Class:16
   --- End of inner exception stack trace ---
   at Microsoft.EntityFrameworkCore.Update.ReaderModificationCommandBatch.ExecuteAsync(IRelationalConnection connection, CancellationToken cancellationToken)
   at Microsoft.EntityFrameworkCore.Update.Internal.BatchExecutor.ExecuteAsync(IEnumerable`1 commandBatches, IRelationalConnection connection, CancellationToken cancellationToken)
   at Microsoft.EntityFrameworkCore.Update.Internal.BatchExecutor.ExecuteAsync(IEnumerable`1 commandBatches, IRelationalConnection connection, CancellationToken cancellationToken)
   at Microsoft.EntityFrameworkCore.Update.Internal.BatchExecutor.ExecuteAsync(IEnumerable`1 commandBatches, IRelationalConnection connection, CancellationToken cancellationToken)
   at Microsoft.EntityFrameworkCore.ChangeTracking.Internal.StateManager.SaveChangesAsync(IList`1 entriesToSave, CancellationToken cancellationToken)
   at Microsoft.EntityFrameworkCore.ChangeTracking.Internal.StateManager.SaveChangesAsync(DbContext _, Boolean acceptAllChangesOnSuccess, CancellationToken cancellationToken)
   at Microsoft.EntityFrameworkCore.SqlServer.Storage.Internal.SqlServerExecutionStrategy.ExecuteAsync[TState,TResult](TState state, Func`4 operation, Func`4 verifySucceeded, CancellationToken cancellationToken)
   at Microsoft.EntityFrameworkCore.DbContext.SaveChangesAsync(Boolean acceptAllChangesOnSuccess, CancellationToken cancellationToken),    at Microsoft.EntityFrameworkCore.Update.ReaderModificationCommandBatch.ExecuteAsync(IRelationalConnection connection, CancellationToken cancellationToken)
   at Microsoft.EntityFrameworkCore.Update.Internal.BatchExecutor.ExecuteAsync(IEnumerable`1 commandBatches, IRelationalConnection connection, CancellationToken cancellationToken)
   at Microsoft.EntityFrameworkCore.Update.Internal.BatchExecutor.ExecuteAsync(IEnumerable`1 commandBatches, IRelationalConnection connection, CancellationToken cancellationToken)
   at Microsoft.EntityFrameworkCore.Update.Internal.BatchExecutor.ExecuteAsync(IEnumerable`1 commandBatches, IRelationalConnection connection, CancellationToken cancellationToken)
   at Microsoft.EntityFrameworkCore.ChangeTracking.Internal.StateManager.SaveChangesAsync(IList`1 entriesToSave, CancellationToken cancellationToken)
   at Microsoft.EntityFrameworkCore.ChangeTracking.Internal.StateManager.SaveChangesAsync(DbContext _, Boolean acceptAllChangesOnSuccess, CancellationToken cancellationToken)
   at Microsoft.EntityFrameworkCore.SqlServer.Storage.Internal.SqlServerExecutionStrategy.ExecuteAsync[TState,TResult](TState state, Func`4 operation, Func`4 verifySucceeded, CancellationToken cancellationToken)
   at Microsoft.EntityFrameworkCore.DbContext.SaveChangesAsync(Boolean acceptAllChangesOnSuccess, CancellationToken cancellationToken)
[31.05.2021 09:31:16 +00:00] Error, , 
[31.05.2021 11:45:46 +00:00] Error, , 
[31.05.2021 11:46:10 +00:00] Error, , 
[31.05.2021 11:47:27 +00:00] Error, An exception occurred while iterating over the results of a query for context type 'EdProject.DAL.DataContext.AppDbContext'.
System.NullReferenceException: Object reference not set to an instance of an object.
   at Microsoft.EntityFrameworkCore.Query.SqlNullabilityProcessor.<VisitIn>g__ProcessInExpressionValues|25_0(SqlExpression valuesExpression, Boolean extractNullValues)
   at Microsoft.EntityFrameworkCore.Query.SqlNullabilityProcessor.VisitIn(InExpression inExpression, Boolean allowOptimizedExpansion, Boolean& nullable)
   at Microsoft.EntityFrameworkCore.Query.SqlNullabilityProcessor.Visit(SqlExpression sqlExpression, Boolean allowOptimizedExpansion, Boolean preserveNonNullableColumns, Boolean& nullable)
   at Microsoft.EntityFrameworkCore.Query.SqlNullabilityProcessor.Visit(SqlExpression sqlExpression, Boolean allowOptimizedExpansion, Boolean& nullable)
   at Microsoft.EntityFrameworkCore.Query.SqlNullabilityProcessor.Visit(SelectExpression selectExpression)
   at Microsoft.EntityFrameworkCore.Query.SqlNullabilityProcessor.Process(SelectExpression selectExpression, IReadOnlyDictionary`2 parameterValues, Boolean& canCache)
   at Microsoft.EntityFrameworkCore.Query.RelationalParameterBasedSqlProcessor.ProcessSqlNullability(SelectExpression selectExpression, IReadOnlyDictionary`2 parametersValues, Boolean& canCache)
   at Microsoft.EntityFrameworkCore.Query.RelationalParameterBasedSqlProcessor.Optimize(SelectExpression selectExpression, IReadOnlyDictionary`2 parametersValues, Boolean& canCache)
   at Microsoft.EntityFrameworkCore.SqlServer.Query.Internal.SqlServerParameterBasedSqlProcessor.Optimize(SelectExpression selectExpression, IReadOnlyDictionary`2 parametersValues, Boolean& canCache)
   at Microsoft.EntityFrameworkCore.Query.Internal.RelationalCommandCache.GetRelationalCommand(IReadOnlyDictionary`2 parameters)
   at Microsoft.EntityFrameworkCore.Query.Internal.SingleQueryingEnumerable`1.AsyncEnumerator.InitializeReaderAsync(DbContext _, Boolean result, CancellationToken cancellationToken)
   at Microsoft.EntityFrameworkCore.SqlServer.Storage.Internal.SqlServerExecutionStrategy.ExecuteAsync[TState,TResult](TState state, Func`4 operation, Func`4 verifySucceeded, CancellationToken cancellationToken)
   at Microsoft.EntityFrameworkCore.Query.Internal.SingleQueryingEnumerable`1.AsyncEnumerator.MoveNextAsync(),    at Microsoft.EntityFrameworkCore.Query.SqlNullabilityProcessor.<VisitIn>g__ProcessInExpressionValues|25_0(SqlExpression valuesExpression, Boolean extractNullValues)
   at Microsoft.EntityFrameworkCore.Query.SqlNullabilityProcessor.VisitIn(InExpression inExpression, Boolean allowOptimizedExpansion, Boolean& nullable)
   at Microsoft.EntityFrameworkCore.Query.SqlNullabilityProcessor.Visit(SqlExpression sqlExpression, Boolean allowOptimizedExpansion, Boolean preserveNonNullableColumns, Boolean& nullable)
   at Microsoft.EntityFrameworkCore.Query.SqlNullabilityProcessor.Visit(SqlExpression sqlExpression, Boolean allowOptimizedExpansion, Boolean& nullable)
   at Microsoft.EntityFrameworkCore.Query.SqlNullabilityProcessor.Visit(SelectExpression selectExpression)
   at Microsoft.EntityFrameworkCore.Query.SqlNullabilityProcessor.Process(SelectExpression selectExpression, IReadOnlyDictionary`2 parameterValues, Boolean& canCache)
   at Microsoft.EntityFrameworkCore.Query.RelationalParameterBasedSqlProcessor.ProcessSqlNullability(SelectExpression selectExpression, IReadOnlyDictionary`2 parametersValues, Boolean& canCache)
   at Microsoft.EntityFrameworkCore.Query.RelationalParameterBasedSqlProcessor.Optimize(SelectExpression selectExpression, IReadOnlyDictionary`2 parametersValues, Boolean& canCache)
   at Microsoft.EntityFrameworkCore.SqlServer.Query.Internal.SqlServerParameterBasedSqlProcessor.Optimize(SelectExpression selectExpression, IReadOnlyDictionary`2 parametersValues, Boolean& canCache)
   at Microsoft.EntityFrameworkCore.Query.Internal.RelationalCommandCache.GetRelationalCommand(IReadOnlyDictionary`2 parameters)
   at Microsoft.EntityFrameworkCore.Query.Internal.SingleQueryingEnumerable`1.AsyncEnumerator.InitializeReaderAsync(DbContext _, Boolean result, CancellationToken cancellationToken)
   at Microsoft.EntityFrameworkCore.SqlServer.Storage.Internal.SqlServerExecutionStrategy.ExecuteAsync[TState,TResult](TState state, Func`4 operation, Func`4 verifySucceeded, CancellationToken cancellationToken)
   at Microsoft.EntityFrameworkCore.Query.Internal.SingleQueryingEnumerable`1.AsyncEnumerator.MoveNextAsync()
[31.05.2021 11:47:42 +00:00] Error, , 
[31.05.2021 11:47:56 +00:00] Error, An exception occurred while iterating over the results of a query for context type 'EdProject.DAL.DataContext.AppDbContext'.
System.NullReferenceException: Object reference not set to an instance of an object.
   at Microsoft.EntityFrameworkCore.Query.SqlNullabilityProcessor.<VisitIn>g__ProcessInExpressionValues|25_0(SqlExpression valuesExpression, Boolean extractNullValues)
   at Microsoft.EntityFrameworkCore.Query.SqlNullabilityProcessor.VisitIn(InExpression inExpression, Boolean allowOptimizedExpansion, Boolean& nullable)
   at Microsoft.EntityFrameworkCore.Query.SqlNullabilityProcessor.Visit(SqlExpression sqlExpression, Boolean allowOptimizedExpansion, Boolean preserveNonNullableColumns, Boolean& nullable)
   at Microsoft.EntityFrameworkCore.Query.SqlNullabilityProcessor.Visit(SqlExpression sqlExpression, Boolean allowOptimizedExpansion, Boolean& nullable)
   at Microsoft.EntityFrameworkCore.Query.SqlNullabilityProcessor.Visit(SelectExpression selectExpression)
   at Microsoft.EntityFrameworkCore.Query.SqlNullabilityProcessor.Process(SelectExpression selectExpression, IReadOnlyDictionary`2 parameterValues, Boolean& canCache)
   at Microsoft.EntityFrameworkCore.Query.RelationalParameterBasedSqlProcessor.ProcessSqlNullability(SelectExpression selectExpression, IReadOnlyDictionary`2 parametersValues, Boolean& canCache)
   at Microsoft.EntityFrameworkCore.Query.RelationalParameterBasedSqlProcessor.Optimize(SelectExpression selectExpression, IReadOnlyDictionary`2 parametersValues, Boolean& canCache)
   at Microsoft.EntityFrameworkCore.SqlServer.Query.Internal.SqlServerParameterBasedSqlProcessor.Optimize(SelectExpression selectExpression, IReadOnlyDictionary`2 parametersValues, Boolean& canCache)
   at Microsoft.EntityFrameworkCore.Query.Internal.RelationalCommandCache.GetRelationalCommand(IReadOnlyDictionary`2 parameters)
   at Microsoft.EntityFrameworkCore.Query.Internal.SingleQueryingEnumerable`1.AsyncEnumerator.InitializeReaderAsync(DbContext _, Boolean result, CancellationToken cancellationToken)
   at Microsoft.EntityFrameworkCore.SqlServer.Storage.Internal.SqlServerExecutionStrategy.ExecuteAsync[TState,TResult](TState state, Func`4 operation, Func`4 verifySucceeded, CancellationToken cancellationToken)
   at Microsoft.EntityFrameworkCore.Query.Internal.SingleQueryingEnumerable`1.AsyncEnumerator.MoveNextAsync(),    at Microsoft.EntityFrameworkCore.Query.SqlNullabilityProcessor.<VisitIn>g__ProcessInExpressionValues|25_0(SqlExpression valuesExpression, Boolean extractNullValues)
   at Microsoft.EntityFrameworkCore.Query.SqlNullabilityProcessor.VisitIn(InExpression inExpression, Boolean allowOptimizedExpansion, Boolean& nullable)
   at Microsoft.EntityFrameworkCore.Query.SqlNullabilityProcessor.Visit(SqlExpression sqlExpression, Boolean allowOptimizedExpansion, Boolean preserveNonNullableColumns, Boolean& nullable)
   at Microsoft.EntityFrameworkCore.Query.SqlNullabilityProcessor.Visit(SqlExpression sqlExpression, Boolean allowOptimizedExpansion, Boolean& nullable)
   at Microsoft.EntityFrameworkCore.Query.SqlNullabilityProcessor.Visit(SelectExpression selectExpression)
   at Microsoft.EntityFrameworkCore.Query.SqlNullabilityProcessor.Process(SelectExpression selectExpression, IReadOnlyDictionary`2 parameterValues, Boolean& canCache)
   at Microsoft.EntityFrameworkCore.Query.RelationalParameterBasedSqlProcessor.ProcessSqlNullability(SelectExpression selectExpression, IReadOnlyDictionary`2 parametersValues, Boolean& canCache)
   at Microsoft.EntityFrameworkCore.Query.RelationalParameterBasedSqlProcessor.Optimize(SelectExpression selectExpression, IReadOnlyDictionary`2 parametersValues, Boolean& canCache)
   at Microsoft.EntityFrameworkCore.SqlServer.Query.Internal.SqlServerParameterBasedSqlProcessor.Optimize(SelectExpression selectExpression, IReadOnlyDictionary`2 parametersValues, Boolean& canCache)
   at Microsoft.EntityFrameworkCore.Query.Internal.RelationalCommandCache.GetRelationalCommand(IReadOnlyDictionary`2 parameters)
   at Microsoft.EntityFrameworkCore.Query.Internal.SingleQueryingEnumerable`1.AsyncEnumerator.InitializeReaderAsync(DbContext _, Boolean result, CancellationToken cancellationToken)
   at Microsoft.EntityFrameworkCore.SqlServer.Storage.Internal.SqlServerExecutionStrategy.ExecuteAsync[TState,TResult](TState state, Func`4 operation, Func`4 verifySucceeded, CancellationToken cancellationToken)
   at Microsoft.EntityFrameworkCore.Query.Internal.SingleQueryingEnumerable`1.AsyncEnumerator.MoveNextAsync()
[31.05.2021 11:48:06 +00:00] Error, An exception occurred while iterating over the results of a query for context type 'EdProject.DAL.DataContext.AppDbContext'.
System.NullReferenceException: Object reference not set to an instance of an object.
   at Microsoft.EntityFrameworkCore.Query.SqlNullabilityProcessor.<VisitIn>g__ProcessInExpressionValues|25_0(SqlExpression valuesExpression, Boolean extractNullValues)
   at Microsoft.EntityFrameworkCore.Query.SqlNullabilityProcessor.VisitIn(InExpression inExpression, Boolean allowOptimizedExpansion, Boolean& nullable)
   at Microsoft.EntityFrameworkCore.Query.SqlNullabilityProcessor.Visit(SqlExpression sqlExpression, Boolean allowOptimizedExpansion, Boolean preserveNonNullableColumns, Boolean& nullable)
   at Microsoft.EntityFrameworkCore.Query.SqlNullabilityProcessor.Visit(SqlExpression sqlExpression, Boolean allowOptimizedExpansion, Boolean& nullable)
   at Microsoft.EntityFrameworkCore.Query.SqlNullabilityProcessor.Visit(SelectExpression selectExpression)
   at Microsoft.EntityFrameworkCore.Query.SqlNullabilityProcessor.Process(SelectExpression selectExpression, IReadOnlyDictionary`2 parameterValues, Boolean& canCache)
   at Microsoft.EntityFrameworkCore.Query.RelationalParameterBasedSqlProcessor.ProcessSqlNullability(SelectExpression selectExpression, IReadOnlyDictionary`2 parametersValues, Boolean& canCache)
   at Microsoft.EntityFrameworkCore.Query.RelationalParameterBasedSqlProcessor.Optimize(SelectExpression selectExpression, IReadOnlyDictionary`2 parametersValues, Boolean& canCache)
   at Microsoft.EntityFrameworkCore.SqlServer.Query.Internal.SqlServerParameterBasedSqlProcessor.Optimize(SelectExpression selectExpression, IReadOnlyDictionary`2 parametersValues, Boolean& canCache)
   at Microsoft.EntityFrameworkCore.Query.Internal.RelationalCommandCache.GetRelationalCommand(IReadOnlyDictionary`2 parameters)
   at Microsoft.EntityFrameworkCore.Query.Internal.SingleQueryingEnumerable`1.Enumerator.InitializeReader(DbContext _, Boolean result)
   at Microsoft.EntityFrameworkCore.SqlServer.Storage.Internal.SqlServerExecutionStrategy.Execute[TState,TResult](TState state, Func`3 operation, Func`3 verifySucceeded)
   at Microsoft.EntityFrameworkCore.Query.Internal.SingleQueryingEnumerable`1.Enumerator.MoveNext(),    at Microsoft.EntityFrameworkCore.Query.SqlNullabilityProcessor.<VisitIn>g__ProcessInExpressionValues|25_0(SqlExpression valuesExpression, Boolean extractNullValues)
   at Microsoft.EntityFrameworkCore.Query.SqlNullabilityProcessor.VisitIn(InExpression inExpression, Boolean allowOptimizedExpansion, Boolean& nullable)
   at Microsoft.EntityFrameworkCore.Query.SqlNullabilityProcessor.Visit(SqlExpression sqlExpression, Boolean allowOptimizedExpansion, Boolean preserveNonNullableColumns, Boolean& nullable)
   at Microsoft.EntityFrameworkCore.Query.SqlNullabilityProcessor.Visit(SqlExpression sqlExpression, Boolean allowOptimizedExpansion, Boolean& nullable)
   at Microsoft.EntityFrameworkCore.Query.SqlNullabilityProcessor.Visit(SelectExpression selectExpression)
   at Microsoft.EntityFrameworkCore.Query.SqlNullabilityProcessor.Process(SelectExpression selectExpression, IReadOnlyDictionary`2 parameterValues, Boolean& canCache)
   at Microsoft.EntityFrameworkCore.Query.RelationalParameterBasedSqlProcessor.ProcessSqlNullability(SelectExpression selectExpression, IReadOnlyDictionary`2 parametersValues, Boolean& canCache)
   at Microsoft.EntityFrameworkCore.Query.RelationalParameterBasedSqlProcessor.Optimize(SelectExpression selectExpression, IReadOnlyDictionary`2 parametersValues, Boolean& canCache)
   at Microsoft.EntityFrameworkCore.SqlServer.Query.Internal.SqlServerParameterBasedSqlProcessor.Optimize(SelectExpression selectExpression, IReadOnlyDictionary`2 parametersValues, Boolean& canCache)
   at Microsoft.EntityFrameworkCore.Query.Internal.RelationalCommandCache.GetRelationalCommand(IReadOnlyDictionary`2 parameters)
   at Microsoft.EntityFrameworkCore.Query.Internal.SingleQueryingEnumerable`1.Enumerator.InitializeReader(DbContext _, Boolean result)
   at Microsoft.EntityFrameworkCore.SqlServer.Storage.Internal.SqlServerExecutionStrategy.Execute[TState,TResult](TState state, Func`3 operation, Func`3 verifySucceeded)
   at Microsoft.EntityFrameworkCore.Query.Internal.SingleQueryingEnumerable`1.Enumerator.MoveNext()
[31.05.2021 12:09:20 +00:00] Error, An exception occurred while iterating over the results of a query for context type 'EdProject.DAL.DataContext.AppDbContext'.
System.NullReferenceException: Object reference not set to an instance of an object.
   at Microsoft.EntityFrameworkCore.Query.SqlNullabilityProcessor.<VisitIn>g__ProcessInExpressionValues|25_0(SqlExpression valuesExpression, Boolean extractNullValues)
   at Microsoft.EntityFrameworkCore.Query.SqlNullabilityProcessor.VisitIn(InExpression inExpression, Boolean allowOptimizedExpansion, Boolean& nullable)
   at Microsoft.EntityFrameworkCore.Query.SqlNullabilityProcessor.Visit(SqlExpression sqlExpression, Boolean allowOptimizedExpansion, Boolean preserveNonNullableColumns, Boolean& nullable)
   at Microsoft.EntityFrameworkCore.Query.SqlNullabilityProcessor.Visit(SqlExpression sqlExpression, Boolean allowOptimizedExpansion, Boolean& nullable)
   at Microsoft.EntityFrameworkCore.Query.SqlNullabilityProcessor.Visit(SelectExpression selectExpression)
   at Microsoft.EntityFrameworkCore.Query.SqlNullabilityProcessor.Process(SelectExpression selectExpression, IReadOnlyDictionary`2 parameterValues, Boolean& canCache)
   at Microsoft.EntityFrameworkCore.Query.RelationalParameterBasedSqlProcessor.ProcessSqlNullability(SelectExpression selectExpression, IReadOnlyDictionary`2 parametersValues, Boolean& canCache)
   at Microsoft.EntityFrameworkCore.Query.RelationalParameterBasedSqlProcessor.Optimize(SelectExpression selectExpression, IReadOnlyDictionary`2 parametersValues, Boolean& canCache)
   at Microsoft.EntityFrameworkCore.SqlServer.Query.Internal.SqlServerParameterBasedSqlProcessor.Optimize(SelectExpression selectExpression, IReadOnlyDictionary`2 parametersValues, Boolean& canCache)
   at Microsoft.EntityFrameworkCore.Query.Internal.RelationalCommandCache.GetRelationalCommand(IReadOnlyDictionary`2 parameters)
   at Microsoft.EntityFrameworkCore.Query.Internal.SingleQueryingEnumerable`1.AsyncEnumerator.InitializeReaderAsync(DbContext _, Boolean result, CancellationToken cancellationToken)
   at Microsoft.EntityFrameworkCore.SqlServer.Storage.Internal.SqlServerExecutionStrategy.ExecuteAsync[TState,TResult](TState state, Func`4 operation, Func`4 verifySucceeded, CancellationToken cancellationToken)
   at Microsoft.EntityFrameworkCore.Query.Internal.SingleQueryingEnumerable`1.AsyncEnumerator.MoveNextAsync(),    at Microsoft.EntityFrameworkCore.Query.SqlNullabilityProcessor.<VisitIn>g__ProcessInExpressionValues|25_0(SqlExpression valuesExpression, Boolean extractNullValues)
   at Microsoft.EntityFrameworkCore.Query.SqlNullabilityProcessor.VisitIn(InExpression inExpression, Boolean allowOptimizedExpansion, Boolean& nullable)
   at Microsoft.EntityFrameworkCore.Query.SqlNullabilityProcessor.Visit(SqlExpression sqlExpression, Boolean allowOptimizedExpansion, Boolean preserveNonNullableColumns, Boolean& nullable)
   at Microsoft.EntityFrameworkCore.Query.SqlNullabilityProcessor.Visit(SqlExpression sqlExpression, Boolean allowOptimizedExpansion, Boolean& nullable)
   at Microsoft.EntityFrameworkCore.Query.SqlNullabilityProcessor.Visit(SelectExpression selectExpression)
   at Microsoft.EntityFrameworkCore.Query.SqlNullabilityProcessor.Process(SelectExpression selectExpression, IReadOnlyDictionary`2 parameterValues, Boolean& canCache)
   at Microsoft.EntityFrameworkCore.Query.RelationalParameterBasedSqlProcessor.ProcessSqlNullability(SelectExpression selectExpression, IReadOnlyDictionary`2 parametersValues, Boolean& canCache)
   at Microsoft.EntityFrameworkCore.Query.RelationalParameterBasedSqlProcessor.Optimize(SelectExpression selectExpression, IReadOnlyDictionary`2 parametersValues, Boolean& canCache)
   at Microsoft.EntityFrameworkCore.SqlServer.Query.Internal.SqlServerParameterBasedSqlProcessor.Optimize(SelectExpression selectExpression, IReadOnlyDictionary`2 parametersValues, Boolean& canCache)
   at Microsoft.EntityFrameworkCore.Query.Internal.RelationalCommandCache.GetRelationalCommand(IReadOnlyDictionary`2 parameters)
   at Microsoft.EntityFrameworkCore.Query.Internal.SingleQueryingEnumerable`1.AsyncEnumerator.InitializeReaderAsync(DbContext _, Boolean result, CancellationToken cancellationToken)
   at Microsoft.EntityFrameworkCore.SqlServer.Storage.Internal.SqlServerExecutionStrategy.ExecuteAsync[TState,TResult](TState state, Func`4 operation, Func`4 verifySucceeded, CancellationToken cancellationToken)
   at Microsoft.EntityFrameworkCore.Query.Internal.SingleQueryingEnumerable`1.AsyncEnumerator.MoveNextAsync()
[31.05.2021 13:44:15 +00:00] Error, , 
[31.05.2021 13:44:15 +00:00] Error, An exception occurred in the database while saving changes for context type 'EdProject.DAL.DataContext.AppDbContext'.
Microsoft.EntityFrameworkCore.DbUpdateException: An error occurred while updating the entries. See the inner exception for details.
 ---> Microsoft.Data.SqlClient.SqlException (0x80131904): The INSERT statement conflicted with the FOREIGN KEY constraint "FK_OrderItems_Editions_EditionId". The conflict occurred in database "EdProjectDb", table "dbo.Editions", column 'Id'.
The statement has been terminated.
   at Microsoft.Data.SqlClient.SqlCommand.<>c.<ExecuteDbDataReaderAsync>b__169_0(Task`1 result)
   at System.Threading.Tasks.ContinuationResultTaskFromResultTask`2.InnerInvoke()
   at System.Threading.ExecutionContext.RunInternal(ExecutionContext executionContext, ContextCallback callback, Object state)
--- End of stack trace from previous location ---
   at System.Threading.Tasks.Task.ExecuteWithThreadLocal(Task& currentTaskSlot, Thread threadPoolThread)
--- End of stack trace from previous location ---
   at Microsoft.EntityFrameworkCore.Storage.RelationalCommand.ExecuteReaderAsync(RelationalCommandParameterObject parameterObject, CancellationToken cancellationToken)
   at Microsoft.EntityFrameworkCore.Storage.RelationalCommand.ExecuteReaderAsync(RelationalCommandParameterObject parameterObject, CancellationToken cancellationToken)
   at Microsoft.EntityFrameworkCore.Update.ReaderModificationCommandBatch.ExecuteAsync(IRelationalConnection connection, CancellationToken cancellationToken)
ClientConnectionId:8a358e4d-7506-493a-a862-a4a48308c578
Error Number:547,State:0,Class:16
   --- End of inner exception stack trace ---
   at Microsoft.EntityFrameworkCore.Update.ReaderModificationCommandBatch.ExecuteAsync(IRelationalConnection connection, CancellationToken cancellationToken)
   at Microsoft.EntityFrameworkCore.Update.Internal.BatchExecutor.ExecuteAsync(IEnumerable`1 commandBatches, IRelationalConnection connection, CancellationToken cancellationToken)
   at Microsoft.EntityFrameworkCore.Update.Internal.BatchExecutor.ExecuteAsync(IEnumerable`1 commandBatches, IRelationalConnection connection, CancellationToken cancellationToken)
   at Microsoft.EntityFrameworkCore.Update.Internal.BatchExecutor.ExecuteAsync(IEnumerable`1 commandBatches, IRelationalConnection connection, CancellationToken cancellationToken)
   at Microsoft.EntityFrameworkCore.ChangeTracking.Internal.StateManager.SaveChangesAsync(IList`1 entriesToSave, CancellationToken cancellationToken)
   at Microsoft.EntityFrameworkCore.ChangeTracking.Internal.StateManager.SaveChangesAsync(DbContext _, Boolean acceptAllChangesOnSuccess, CancellationToken cancellationToken)
   at Microsoft.EntityFrameworkCore.SqlServer.Storage.Internal.SqlServerExecutionStrategy.ExecuteAsync[TState,TResult](TState state, Func`4 operation, Func`4 verifySucceeded, CancellationToken cancellationToken)
   at Microsoft.EntityFrameworkCore.DbContext.SaveChangesAsync(Boolean acceptAllChangesOnSuccess, CancellationToken cancellationToken),    at Microsoft.EntityFrameworkCore.Update.ReaderModificationCommandBatch.ExecuteAsync(IRelationalConnection connection, CancellationToken cancellationToken)
   at Microsoft.EntityFrameworkCore.Update.Internal.BatchExecutor.ExecuteAsync(IEnumerable`1 commandBatches, IRelationalConnection connection, CancellationToken cancellationToken)
   at Microsoft.EntityFrameworkCore.Update.Internal.BatchExecutor.ExecuteAsync(IEnumerable`1 commandBatches, IRelationalConnection connection, CancellationToken cancellationToken)
   at Microsoft.EntityFrameworkCore.Update.Internal.BatchExecutor.ExecuteAsync(IEnumerable`1 commandBatches, IRelationalConnection connection, CancellationToken cancellationToken)
   at Microsoft.EntityFrameworkCore.ChangeTracking.Internal.StateManager.SaveChangesAsync(IList`1 entriesToSave, CancellationToken cancellationToken)
   at Microsoft.EntityFrameworkCore.ChangeTracking.Internal.StateManager.SaveChangesAsync(DbContext _, Boolean acceptAllChangesOnSuccess, CancellationToken cancellationToken)
   at Microsoft.EntityFrameworkCore.SqlServer.Storage.Internal.SqlServerExecutionStrategy.ExecuteAsync[TState,TResult](TState state, Func`4 operation, Func`4 verifySucceeded, CancellationToken cancellationToken)
   at Microsoft.EntityFrameworkCore.DbContext.SaveChangesAsync(Boolean acceptAllChangesOnSuccess, CancellationToken cancellationToken)
[31.05.2021 13:44:15 +00:00] Error, , 
[31.05.2021 14:58:17 +00:00] Error, , 
[31.05.2021 14:58:17 +00:00] Error, An exception occurred in the database while saving changes for context type 'EdProject.DAL.DataContext.AppDbContext'.
Microsoft.EntityFrameworkCore.DbUpdateException: An error occurred while updating the entries. See the inner exception for details.
 ---> Microsoft.Data.SqlClient.SqlException (0x80131904): The INSERT statement conflicted with the FOREIGN KEY constraint "FK_OrderItems_Editions_EditionId". The conflict occurred in database "EdProjectDb", table "dbo.Editions", column 'Id'.
The statement has been terminated.
   at Microsoft.Data.SqlClient.SqlCommand.<>c.<ExecuteDbDataReaderAsync>b__169_0(Task`1 result)
   at System.Threading.Tasks.ContinuationResultTaskFromResultTask`2.InnerInvoke()
   at System.Threading.Tasks.Task.<>c.<.cctor>b__277_0(Object obj)
   at System.Threading.ExecutionContext.RunInternal(ExecutionContext executionContext, ContextCallback callback, Object state)
--- End of stack trace from previous location ---
   at System.Threading.Tasks.Task.ExecuteWithThreadLocal(Task& currentTaskSlot, Thread threadPoolThread)
--- End of stack trace from previous location ---
   at Microsoft.EntityFrameworkCore.Storage.RelationalCommand.ExecuteReaderAsync(RelationalCommandParameterObject parameterObject, CancellationToken cancellationToken)
   at Microsoft.EntityFrameworkCore.Storage.RelationalCommand.ExecuteReaderAsync(RelationalCommandParameterObject parameterObject, CancellationToken cancellationToken)
   at Microsoft.EntityFrameworkCore.Update.ReaderModificationCommandBatch.ExecuteAsync(IRelationalConnection connection, CancellationToken cancellationToken)
ClientConnectionId:a74621e0-1ffc-40b2-b38f-34e0ffc56900
Error Number:547,State:0,Class:16
   --- End of inner exception stack trace ---
   at Microsoft.EntityFrameworkCore.Update.ReaderModificationCommandBatch.ExecuteAsync(IRelationalConnection connection, CancellationToken cancellationToken)
   at Microsoft.EntityFrameworkCore.Update.Internal.BatchExecutor.ExecuteAsync(IEnumerable`1 commandBatches, IRelationalConnection connection, CancellationToken cancellationToken)
   at Microsoft.EntityFrameworkCore.Update.Internal.BatchExecutor.ExecuteAsync(IEnumerable`1 commandBatches, IRelationalConnection connection, CancellationToken cancellationToken)
   at Microsoft.EntityFrameworkCore.Update.Internal.BatchExecutor.ExecuteAsync(IEnumerable`1 commandBatches, IRelationalConnection connection, CancellationToken cancellationToken)
   at Microsoft.EntityFrameworkCore.ChangeTracking.Internal.StateManager.SaveChangesAsync(IList`1 entriesToSave, CancellationToken cancellationToken)
   at Microsoft.EntityFrameworkCore.ChangeTracking.Internal.StateManager.SaveChangesAsync(DbContext _, Boolean acceptAllChangesOnSuccess, CancellationToken cancellationToken)
   at Microsoft.EntityFrameworkCore.SqlServer.Storage.Internal.SqlServerExecutionStrategy.ExecuteAsync[TState,TResult](TState state, Func`4 operation, Func`4 verifySucceeded, CancellationToken cancellationToken)
   at Microsoft.EntityFrameworkCore.DbContext.SaveChangesAsync(Boolean acceptAllChangesOnSuccess, CancellationToken cancellationToken),    at Microsoft.EntityFrameworkCore.Update.ReaderModificationCommandBatch.ExecuteAsync(IRelationalConnection connection, CancellationToken cancellationToken)
   at Microsoft.EntityFrameworkCore.Update.Internal.BatchExecutor.ExecuteAsync(IEnumerable`1 commandBatches, IRelationalConnection connection, CancellationToken cancellationToken)
   at Microsoft.EntityFrameworkCore.Update.Internal.BatchExecutor.ExecuteAsync(IEnumerable`1 commandBatches, IRelationalConnection connection, CancellationToken cancellationToken)
   at Microsoft.EntityFrameworkCore.Update.Internal.BatchExecutor.ExecuteAsync(IEnumerable`1 commandBatches, IRelationalConnection connection, CancellationToken cancellationToken)
   at Microsoft.EntityFrameworkCore.ChangeTracking.Internal.StateManager.SaveChangesAsync(IList`1 entriesToSave, CancellationToken cancellationToken)
   at Microsoft.EntityFrameworkCore.ChangeTracking.Internal.StateManager.SaveChangesAsync(DbContext _, Boolean acceptAllChangesOnSuccess, CancellationToken cancellationToken)
   at Microsoft.EntityFrameworkCore.SqlServer.Storage.Internal.SqlServerExecutionStrategy.ExecuteAsync[TState,TResult](TState state, Func`4 operation, Func`4 verifySucceeded, CancellationToken cancellationToken)
   at Microsoft.EntityFrameworkCore.DbContext.SaveChangesAsync(Boolean acceptAllChangesOnSuccess, CancellationToken cancellationToken)
[31.05.2021 14:58:17 +00:00] Error, , 
[31.05.2021 15:15:37 +00:00] Error, , 
