[2021-04-28 06:30:56+00:00] [Error] - Generating browser application bundles...
 
[2021-04-28 06:30:59+00:00] [Error] ΓêÜ Browser application bundle generation complete.
 
[2021-04-28 06:31:47+00:00] [Error] - Generating browser application bundles...
 
[2021-04-28 06:31:50+00:00] [Error] ΓêÜ Browser application bundle generation complete.
 
[2021-04-28 06:32:25+00:00] [Error] Failed : PasswordTooShort,PasswordRequiresLower 
[2021-04-28 06:40:11+00:00] [Error] - Generating browser application bundles...
 
[2021-04-28 06:40:14+00:00] [Error] ΓêÜ Browser application bundle generation complete.
 
[2021-04-28 06:40:14+00:00] [Error] Error: src/app/authentication/register-user/register-user.component.html:4:21 - error TS2339: Property 'showError' does not exist on type 'RegisterUserComponent'.
 
[2021-04-28 06:40:14+00:00] [Error] 4         <div *ngIf="showError" class="alert alert-danger" role="alert">
 
[2021-04-28 06:40:14+00:00] [Error]                       ~~~~~~~~~
 
[2021-04-28 06:40:14+00:00] [Error]   src/app/authentication/register-user/register-user.component.ts:9:16
 
[2021-04-28 06:40:14+00:00] [Error]     9   templateUrl: './register-user.component.html',
 
[2021-04-28 06:40:14+00:00] [Error]                      ~~~~~~~~~~~~~~~~~~~~~~~~~~~~~~~~
 
[2021-04-28 06:40:14+00:00] [Error]     Error occurs in the template of component RegisterUserComponent.
 
[2021-04-28 06:40:14+00:00] [Error] Error: src/app/authentication/register-user/register-user.component.html:5:32 - error TS2339: Property 'errorMessage' does not exist on type 'RegisterUserComponent'.
 
[2021-04-28 06:40:14+00:00] [Error] 5             <span [innerHTML]="errorMessage"></span>
 
[2021-04-28 06:40:14+00:00] [Error]                                  ~~~~~~~~~~~~
 
[2021-04-28 06:40:14+00:00] [Error]   src/app/authentication/register-user/register-user.component.ts:9:16
 
[2021-04-28 06:40:14+00:00] [Error]     9   templateUrl: './register-user.component.html',
 
[2021-04-28 06:40:14+00:00] [Error]                      ~~~~~~~~~~~~~~~~~~~~~~~~~~~~~~~~
 
[2021-04-28 06:40:14+00:00] [Error]     Error occurs in the template of component RegisterUserComponent.
 
[2021-04-28 06:40:59+00:00] [Error] - Generating browser application bundles...
 
[2021-04-28 06:41:03+00:00] [Error] ΓêÜ Browser application bundle generation complete.
 
[2021-04-28 06:43:54+00:00] [Error] - Generating browser application bundles...
 
[2021-04-28 06:43:57+00:00] [Error] ΓêÜ Browser application bundle generation complete.
 
[2021-04-28 06:44:38+00:00] [Error] Failed : PasswordTooShort,PasswordRequiresLower 
[2021-04-28 07:59:09+00:00] [Error] - Generating browser application bundles...
 
[2021-04-28 07:59:13+00:00] [Error] ΓêÜ Browser application bundle generation complete.
 
[2021-04-28 07:59:33+00:00] [Error] Exception of type 'EdProject.PresentationLayer.Middleware.CustomException' was thrown. 
[2021-04-28 08:00:14+00:00] [Error] Exception of type 'EdProject.PresentationLayer.Middleware.CustomException' was thrown. 
[2021-04-28 08:03:29+00:00] [Error] - Generating browser application bundles...
 
[2021-04-28 08:03:33+00:00] [Error] ΓêÜ Browser application bundle generation complete.
 
[2021-04-28 08:08:45+00:00] [Error] - Generating browser application bundles...
 
[2021-04-28 08:08:48+00:00] [Error] ΓêÜ Browser application bundle generation complete.
 
[2021-04-28 08:14:58+00:00] [Error] A possible object cycle was detected. This can either be due to a cycle or if the object depth is larger than the maximum allowed depth of 32. Consider using ReferenceHandler.Preserve on JsonSerializerOptions to support cycles. 
[2021-04-28 08:16:48+00:00] [Error] A possible object cycle was detected. This can either be due to a cycle or if the object depth is larger than the maximum allowed depth of 32. Consider using ReferenceHandler.Preserve on JsonSerializerOptions to support cycles. 
[2021-04-28 08:18:29+00:00] [Error] - Generating browser application bundles...
 
[2021-04-28 08:18:32+00:00] [Error] ΓêÜ Browser application bundle generation complete.
 
[2021-04-28 08:20:17+00:00] [Error] An exception occurred while iterating over the results of a query for context type 'EdProject.DAL.DataContext.AppDbContext'.
System.InvalidOperationException: A second operation was started on this context before a previous operation completed. This is usually caused by different threads concurrently using the same instance of DbContext. For more information on how to avoid threading issues with DbContext, see https://go.microsoft.com/fwlink/?linkid=2097913.
   at Microsoft.EntityFrameworkCore.Internal.ConcurrencyDetector.EnterCriticalSection()
   at Microsoft.EntityFrameworkCore.Query.Internal.SingleQueryingEnumerable`1.Enumerator.MoveNext()    at Microsoft.EntityFrameworkCore.Internal.ConcurrencyDetector.EnterCriticalSection()
   at Microsoft.EntityFrameworkCore.Query.Internal.SingleQueryingEnumerable`1.Enumerator.MoveNext()
[2021-04-28 08:22:17+00:00] [Error] - Generating browser application bundles...
 
[2021-04-28 08:22:20+00:00] [Error] ΓêÜ Browser application bundle generation complete.
 
[2021-04-28 08:23:01+00:00] [Error] A possible object cycle was detected. This can either be due to a cycle or if the object depth is larger than the maximum allowed depth of 32. Consider using ReferenceHandler.Preserve on JsonSerializerOptions to support cycles. 
[2021-04-28 08:29:50+00:00] [Error] - Generating browser application bundles...
 
[2021-04-28 08:29:53+00:00] [Error] ΓêÜ Browser application bundle generation complete.
 
[2021-04-28 08:30:43+00:00] [Error] A possible object cycle was detected. This can either be due to a cycle or if the object depth is larger than the maximum allowed depth of 32. Consider using ReferenceHandler.Preserve on JsonSerializerOptions to support cycles. 
[2021-04-28 08:43:21+00:00] [Error] - Generating browser application bundles...
 
[2021-04-28 08:43:24+00:00] [Error] ΓêÜ Browser application bundle generation complete.
 
[2021-04-28 08:54:02+00:00] [Error] - Generating browser application bundles...
 
[2021-04-28 08:54:08+00:00] [Error] ΓêÜ Browser application bundle generation complete.
 
[2021-04-28 09:01:19+00:00] [Error] - Generating browser application bundles...
 
[2021-04-28 09:01:25+00:00] [Error] ΓêÜ Browser application bundle generation complete.
 
[2021-04-28 09:08:15+00:00] [Error] - Generating browser application bundles...
 
[2021-04-28 09:08:18+00:00] [Error] ΓêÜ Browser application bundle generation complete.
 
[2021-04-28 09:11:04+00:00] [Error] - Generating browser application bundles...
 
[2021-04-28 09:11:07+00:00] [Error] ΓêÜ Browser application bundle generation complete.
 
[2021-04-28 09:42:27+00:00] [Error] - Generating browser application bundles...
 
[2021-04-28 09:42:30+00:00] [Error] ΓêÜ Browser application bundle generation complete.
 
[2021-04-28 11:21:46+00:00] [Error] - Generating browser application bundles...
 
[2021-04-28 11:21:51+00:00] [Error] ΓêÜ Browser application bundle generation complete.
 
[2021-04-28 11:25:10+00:00] [Error] A possible object cycle was detected. This can either be due to a cycle or if the object depth is larger than the maximum allowed depth of 32. Consider using ReferenceHandler.Preserve on JsonSerializerOptions to support cycles. 
[2021-04-28 11:26:21+00:00] [Error] A possible object cycle was detected. This can either be due to a cycle or if the object depth is larger than the maximum allowed depth of 32. Consider using ReferenceHandler.Preserve on JsonSerializerOptions to support cycles. 
[2021-04-28 11:38:59+00:00] [Error] - Generating browser application bundles...
 
[2021-04-28 11:38:59+00:00] [Error] ΓêÜ Browser application bundle generation complete.
 
[2021-04-28 11:41:48+00:00] [Error] - Generating browser application bundles...
 
[2021-04-28 11:41:51+00:00] [Error] ΓêÜ Browser application bundle generation complete.
 
[2021-04-28 12:17:32+00:00] [Error] - Generating browser application bundles...
 
[2021-04-28 12:17:35+00:00] [Error] ΓêÜ Browser application bundle generation complete.
 
[2021-04-28 13:33:35+00:00] [Error] - Generating browser application bundles...
 
[2021-04-28 13:33:42+00:00] [Error] ΓêÜ Browser application bundle generation complete.
 
[2021-04-28 14:23:27+00:00] [Error] - Generating browser application bundles...
 
[2021-04-28 14:23:31+00:00] [Error] ΓêÜ Browser application bundle generation complete.
 
[2021-04-28 14:26:02+00:00] [Error] - Generating browser application bundles...
 
[2021-04-28 14:26:04+00:00] [Error] ΓêÜ Browser application bundle generation complete.
 
[2021-04-28 14:26:12+00:00] [Error] Failed executing DbCommand (57ms) [Parameters=[@p0='?' (DbType = Int64), @p1='?' (DbType = DateTime2), @p2='?' (Size = 4000), @p3='?' (Size = 4000), @p4='?' (DbType = Boolean), @p5='?' (Precision = 18) (Scale = 4) (DbType = Decimal), @p6='?' (Size = 4000), @p7='?' (Size = 4000), @p8='?' (Size = 4000)], CommandType='Text', CommandTimeout='30']
SET NOCOUNT ON;
INSERT INTO [Editions] ([Id], [CreatedAt], [Currency], [Description], [IsRemoved], [Price], [Status], [Title], [Type])
VALUES (@p0, @p1, @p2, @p3, @p4, @p5, @p6, @p7, @p8); 
[2021-04-28 14:26:12+00:00] [Error] An exception occurred in the database while saving changes for context type 'EdProject.DAL.DataContext.AppDbContext'.
Microsoft.EntityFrameworkCore.DbUpdateException: An error occurred while updating the entries. See the inner exception for details.
 ---> Microsoft.Data.SqlClient.SqlException (0x80131904): Cannot insert explicit value for identity column in table 'Editions' when IDENTITY_INSERT is set to OFF.
   at Microsoft.Data.SqlClient.SqlCommand.<>c.<ExecuteDbDataReaderAsync>b__169_0(Task`1 result)
   at System.Threading.Tasks.ContinuationResultTaskFromResultTask`2.InnerInvoke()
   at System.Threading.Tasks.Task.<>c.<.cctor>b__277_0(Object obj)
   at System.Threading.ExecutionContext.RunInternal(ExecutionContext executionContext, ContextCallback callback, Object state)
--- End of stack trace from previous location ---
   at System.Threading.Tasks.Task.ExecuteWithThreadLocal(Task& currentTaskSlot, Thread threadPoolThread)
--- End of stack trace from previous location ---
   at Microsoft.EntityFrameworkCore.Storage.RelationalCommand.ExecuteReaderAsync(RelationalCommandParameterObject parameterObject, CancellationToken cancellationToken)
   at Microsoft.EntityFrameworkCore.Storage.RelationalCommand.ExecuteReaderAsync(RelationalCommandParameterObject parameterObject, CancellationToken cancellationToken)
   at Microsoft.EntityFrameworkCore.Update.ReaderModificationCommandBatch.ExecuteAsync(IRelationalConnection connection, CancellationToken cancellationToken)
ClientConnectionId:82786f51-a5c4-4d48-bcf8-9f347015f0eb
Error Number:544,State:1,Class:16
   --- End of inner exception stack trace ---
   at Microsoft.EntityFrameworkCore.Update.ReaderModificationCommandBatch.ExecuteAsync(IRelationalConnection connection, CancellationToken cancellationToken)
   at Microsoft.EntityFrameworkCore.Update.Internal.BatchExecutor.ExecuteAsync(IEnumerable`1 commandBatches, IRelationalConnection connection, CancellationToken cancellationToken)
   at Microsoft.EntityFrameworkCore.Update.Internal.BatchExecutor.ExecuteAsync(IEnumerable`1 commandBatches, IRelationalConnection connection, CancellationToken cancellationToken)
   at Microsoft.EntityFrameworkCore.Update.Internal.BatchExecutor.ExecuteAsync(IEnumerable`1 commandBatches, IRelationalConnection connection, CancellationToken cancellationToken)
   at Microsoft.EntityFrameworkCore.ChangeTracking.Internal.StateManager.SaveChangesAsync(IList`1 entriesToSave, CancellationToken cancellationToken)
   at Microsoft.EntityFrameworkCore.ChangeTracking.Internal.StateManager.SaveChangesAsync(DbContext _, Boolean acceptAllChangesOnSuccess, CancellationToken cancellationToken)
   at Microsoft.EntityFrameworkCore.SqlServer.Storage.Internal.SqlServerExecutionStrategy.ExecuteAsync[TState,TResult](TState state, Func`4 operation, Func`4 verifySucceeded, CancellationToken cancellationToken)
   at Microsoft.EntityFrameworkCore.DbContext.SaveChangesAsync(Boolean acceptAllChangesOnSuccess, CancellationToken cancellationToken)    at Microsoft.EntityFrameworkCore.Update.ReaderModificationCommandBatch.ExecuteAsync(IRelationalConnection connection, CancellationToken cancellationToken)
   at Microsoft.EntityFrameworkCore.Update.Internal.BatchExecutor.ExecuteAsync(IEnumerable`1 commandBatches, IRelationalConnection connection, CancellationToken cancellationToken)
   at Microsoft.EntityFrameworkCore.Update.Internal.BatchExecutor.ExecuteAsync(IEnumerable`1 commandBatches, IRelationalConnection connection, CancellationToken cancellationToken)
   at Microsoft.EntityFrameworkCore.Update.Internal.BatchExecutor.ExecuteAsync(IEnumerable`1 commandBatches, IRelationalConnection connection, CancellationToken cancellationToken)
   at Microsoft.EntityFrameworkCore.ChangeTracking.Internal.StateManager.SaveChangesAsync(IList`1 entriesToSave, CancellationToken cancellationToken)
   at Microsoft.EntityFrameworkCore.ChangeTracking.Internal.StateManager.SaveChangesAsync(DbContext _, Boolean acceptAllChangesOnSuccess, CancellationToken cancellationToken)
   at Microsoft.EntityFrameworkCore.SqlServer.Storage.Internal.SqlServerExecutionStrategy.ExecuteAsync[TState,TResult](TState state, Func`4 operation, Func`4 verifySucceeded, CancellationToken cancellationToken)
   at Microsoft.EntityFrameworkCore.DbContext.SaveChangesAsync(Boolean acceptAllChangesOnSuccess, CancellationToken cancellationToken)
[2021-04-28 14:26:12+00:00] [Error] An error occurred while updating the entries. See the inner exception for details. 
[2021-04-28 14:31:46+00:00] [Error] - Generating browser application bundles...
 
[2021-04-28 14:31:49+00:00] [Error] ΓêÜ Browser application bundle generation complete.
 
[2021-04-28 14:35:15+00:00] [Error] - Generating browser application bundles...
 
[2021-04-28 14:35:22+00:00] [Error] ΓêÜ Browser application bundle generation complete.
 
[2021-04-28 14:36:36+00:00] [Error] - Generating browser application bundles...
 
[2021-04-28 14:36:40+00:00] [Error] ΓêÜ Browser application bundle generation complete.
 
[2021-04-28 14:37:44+00:00] [Error] Failed executing DbCommand (246ms) [Parameters=[@p0='?' (DbType = Int64), @p1='?' (DbType = DateTime2), @p2='?' (DbType = Boolean), @p3='?' (Size = 4000)], CommandType='Text', CommandTimeout='30']
SET NOCOUNT ON;
INSERT INTO [Authors] ([Id], [CreatedAt], [IsRemoved], [Name])
VALUES (@p0, @p1, @p2, @p3); 
[2021-04-28 14:37:44+00:00] [Error] An exception occurred in the database while saving changes for context type 'EdProject.DAL.DataContext.AppDbContext'.
Microsoft.EntityFrameworkCore.DbUpdateException: An error occurred while updating the entries. See the inner exception for details.
 ---> Microsoft.Data.SqlClient.SqlException (0x80131904): Cannot insert explicit value for identity column in table 'Authors' when IDENTITY_INSERT is set to OFF.
   at Microsoft.Data.SqlClient.SqlCommand.<>c.<ExecuteDbDataReaderAsync>b__169_0(Task`1 result)
   at System.Threading.Tasks.ContinuationResultTaskFromResultTask`2.InnerInvoke()
   at System.Threading.Tasks.Task.<>c.<.cctor>b__277_0(Object obj)
   at System.Threading.ExecutionContext.RunInternal(ExecutionContext executionContext, ContextCallback callback, Object state)
--- End of stack trace from previous location ---
   at System.Threading.Tasks.Task.ExecuteWithThreadLocal(Task& currentTaskSlot, Thread threadPoolThread)
--- End of stack trace from previous location ---
   at Microsoft.EntityFrameworkCore.Storage.RelationalCommand.ExecuteReaderAsync(RelationalCommandParameterObject parameterObject, CancellationToken cancellationToken)
   at Microsoft.EntityFrameworkCore.Storage.RelationalCommand.ExecuteReaderAsync(RelationalCommandParameterObject parameterObject, CancellationToken cancellationToken)
   at Microsoft.EntityFrameworkCore.Update.ReaderModificationCommandBatch.ExecuteAsync(IRelationalConnection connection, CancellationToken cancellationToken)
ClientConnectionId:341ddaa2-02a9-4e74-888f-054a5c3a08e6
Error Number:544,State:1,Class:16
   --- End of inner exception stack trace ---
   at Microsoft.EntityFrameworkCore.Update.ReaderModificationCommandBatch.ExecuteAsync(IRelationalConnection connection, CancellationToken cancellationToken)
   at Microsoft.EntityFrameworkCore.Update.Internal.BatchExecutor.ExecuteAsync(IEnumerable`1 commandBatches, IRelationalConnection connection, CancellationToken cancellationToken)
   at Microsoft.EntityFrameworkCore.Update.Internal.BatchExecutor.ExecuteAsync(IEnumerable`1 commandBatches, IRelationalConnection connection, CancellationToken cancellationToken)
   at Microsoft.EntityFrameworkCore.Update.Internal.BatchExecutor.ExecuteAsync(IEnumerable`1 commandBatches, IRelationalConnection connection, CancellationToken cancellationToken)
   at Microsoft.EntityFrameworkCore.ChangeTracking.Internal.StateManager.SaveChangesAsync(IList`1 entriesToSave, CancellationToken cancellationToken)
   at Microsoft.EntityFrameworkCore.ChangeTracking.Internal.StateManager.SaveChangesAsync(DbContext _, Boolean acceptAllChangesOnSuccess, CancellationToken cancellationToken)
   at Microsoft.EntityFrameworkCore.SqlServer.Storage.Internal.SqlServerExecutionStrategy.ExecuteAsync[TState,TResult](TState state, Func`4 operation, Func`4 verifySucceeded, CancellationToken cancellationToken)
   at Microsoft.EntityFrameworkCore.DbContext.SaveChangesAsync(Boolean acceptAllChangesOnSuccess, CancellationToken cancellationToken)    at Microsoft.EntityFrameworkCore.Update.ReaderModificationCommandBatch.ExecuteAsync(IRelationalConnection connection, CancellationToken cancellationToken)
   at Microsoft.EntityFrameworkCore.Update.Internal.BatchExecutor.ExecuteAsync(IEnumerable`1 commandBatches, IRelationalConnection connection, CancellationToken cancellationToken)
   at Microsoft.EntityFrameworkCore.Update.Internal.BatchExecutor.ExecuteAsync(IEnumerable`1 commandBatches, IRelationalConnection connection, CancellationToken cancellationToken)
   at Microsoft.EntityFrameworkCore.Update.Internal.BatchExecutor.ExecuteAsync(IEnumerable`1 commandBatches, IRelationalConnection connection, CancellationToken cancellationToken)
   at Microsoft.EntityFrameworkCore.ChangeTracking.Internal.StateManager.SaveChangesAsync(IList`1 entriesToSave, CancellationToken cancellationToken)
   at Microsoft.EntityFrameworkCore.ChangeTracking.Internal.StateManager.SaveChangesAsync(DbContext _, Boolean acceptAllChangesOnSuccess, CancellationToken cancellationToken)
   at Microsoft.EntityFrameworkCore.SqlServer.Storage.Internal.SqlServerExecutionStrategy.ExecuteAsync[TState,TResult](TState state, Func`4 operation, Func`4 verifySucceeded, CancellationToken cancellationToken)
   at Microsoft.EntityFrameworkCore.DbContext.SaveChangesAsync(Boolean acceptAllChangesOnSuccess, CancellationToken cancellationToken)
[2021-04-28 14:37:45+00:00] [Error] An error occurred while updating the entries. See the inner exception for details. 
[2021-04-28 17:52:28+00:00] [Error] - Generating browser application bundles...
 
[2021-04-28 17:52:28+00:00] [Error] ΓêÜ Browser application bundle generation complete.
 
[2021-04-28 17:52:54+00:00] [Error] Failed executing DbCommand (97ms) [Parameters=[@p0='?' (DbType = Int64), @p1='?' (DbType = DateTime2), @p2='?' (DbType = Boolean), @p3='?' (Size = 4000)], CommandType='Text', CommandTimeout='30']
SET NOCOUNT ON;
INSERT INTO [Authors] ([Id], [CreatedAt], [IsRemoved], [Name])
VALUES (@p0, @p1, @p2, @p3); 
[2021-04-28 17:52:54+00:00] [Error] An exception occurred in the database while saving changes for context type 'EdProject.DAL.DataContext.AppDbContext'.
Microsoft.EntityFrameworkCore.DbUpdateException: An error occurred while updating the entries. See the inner exception for details.
 ---> Microsoft.Data.SqlClient.SqlException (0x80131904): Cannot insert explicit value for identity column in table 'Authors' when IDENTITY_INSERT is set to OFF.
   at Microsoft.Data.SqlClient.SqlCommand.<>c.<ExecuteDbDataReaderAsync>b__169_0(Task`1 result)
   at System.Threading.Tasks.ContinuationResultTaskFromResultTask`2.InnerInvoke()
   at System.Threading.Tasks.Task.<>c.<.cctor>b__277_0(Object obj)
   at System.Threading.ExecutionContext.RunInternal(ExecutionContext executionContext, ContextCallback callback, Object state)
--- End of stack trace from previous location ---
   at System.Threading.Tasks.Task.ExecuteWithThreadLocal(Task& currentTaskSlot, Thread threadPoolThread)
--- End of stack trace from previous location ---
   at Microsoft.EntityFrameworkCore.Storage.RelationalCommand.ExecuteReaderAsync(RelationalCommandParameterObject parameterObject, CancellationToken cancellationToken)
   at Microsoft.EntityFrameworkCore.Storage.RelationalCommand.ExecuteReaderAsync(RelationalCommandParameterObject parameterObject, CancellationToken cancellationToken)
   at Microsoft.EntityFrameworkCore.Update.ReaderModificationCommandBatch.ExecuteAsync(IRelationalConnection connection, CancellationToken cancellationToken)
ClientConnectionId:5f3f5466-3114-43e0-88a2-ee1143bb2920
Error Number:544,State:1,Class:16
   --- End of inner exception stack trace ---
   at Microsoft.EntityFrameworkCore.Update.ReaderModificationCommandBatch.ExecuteAsync(IRelationalConnection connection, CancellationToken cancellationToken)
   at Microsoft.EntityFrameworkCore.Update.Internal.BatchExecutor.ExecuteAsync(IEnumerable`1 commandBatches, IRelationalConnection connection, CancellationToken cancellationToken)
   at Microsoft.EntityFrameworkCore.Update.Internal.BatchExecutor.ExecuteAsync(IEnumerable`1 commandBatches, IRelationalConnection connection, CancellationToken cancellationToken)
   at Microsoft.EntityFrameworkCore.Update.Internal.BatchExecutor.ExecuteAsync(IEnumerable`1 commandBatches, IRelationalConnection connection, CancellationToken cancellationToken)
   at Microsoft.EntityFrameworkCore.ChangeTracking.Internal.StateManager.SaveChangesAsync(IList`1 entriesToSave, CancellationToken cancellationToken)
   at Microsoft.EntityFrameworkCore.ChangeTracking.Internal.StateManager.SaveChangesAsync(DbContext _, Boolean acceptAllChangesOnSuccess, CancellationToken cancellationToken)
   at Microsoft.EntityFrameworkCore.SqlServer.Storage.Internal.SqlServerExecutionStrategy.ExecuteAsync[TState,TResult](TState state, Func`4 operation, Func`4 verifySucceeded, CancellationToken cancellationToken)
   at Microsoft.EntityFrameworkCore.DbContext.SaveChangesAsync(Boolean acceptAllChangesOnSuccess, CancellationToken cancellationToken)    at Microsoft.EntityFrameworkCore.Update.ReaderModificationCommandBatch.ExecuteAsync(IRelationalConnection connection, CancellationToken cancellationToken)
   at Microsoft.EntityFrameworkCore.Update.Internal.BatchExecutor.ExecuteAsync(IEnumerable`1 commandBatches, IRelationalConnection connection, CancellationToken cancellationToken)
   at Microsoft.EntityFrameworkCore.Update.Internal.BatchExecutor.ExecuteAsync(IEnumerable`1 commandBatches, IRelationalConnection connection, CancellationToken cancellationToken)
   at Microsoft.EntityFrameworkCore.Update.Internal.BatchExecutor.ExecuteAsync(IEnumerable`1 commandBatches, IRelationalConnection connection, CancellationToken cancellationToken)
   at Microsoft.EntityFrameworkCore.ChangeTracking.Internal.StateManager.SaveChangesAsync(IList`1 entriesToSave, CancellationToken cancellationToken)
   at Microsoft.EntityFrameworkCore.ChangeTracking.Internal.StateManager.SaveChangesAsync(DbContext _, Boolean acceptAllChangesOnSuccess, CancellationToken cancellationToken)
   at Microsoft.EntityFrameworkCore.SqlServer.Storage.Internal.SqlServerExecutionStrategy.ExecuteAsync[TState,TResult](TState state, Func`4 operation, Func`4 verifySucceeded, CancellationToken cancellationToken)
   at Microsoft.EntityFrameworkCore.DbContext.SaveChangesAsync(Boolean acceptAllChangesOnSuccess, CancellationToken cancellationToken)
[2021-04-28 17:52:54+00:00] [Error] An error occurred while updating the entries. See the inner exception for details. 
