C:\Users\Anuitex-96\source\repos\EdProject\EdProject.PresentationLayer\ClientApp\dist\out-tsc\e2e\src\app.po.js
C:\Users\Anuitex-96\source\repos\EdProject\EdProject.PresentationLayer\ClientApp\dist\out-tsc\e2e\src\app.po.js.map
C:\Users\Anuitex-96\source\repos\EdProject\EdProject.PresentationLayer\ClientApp\dist\out-tsc\e2e\src\app.e2e-spec.js
C:\Users\Anuitex-96\source\repos\EdProject\EdProject.PresentationLayer\ClientApp\dist\out-tsc\e2e\src\app.e2e-spec.js.map
C:\Users\Anuitex-96\source\repos\EdProject\EdProject.PresentationLayer\ClientApp\dist\out-tsc\models\edition.js
C:\Users\Anuitex-96\source\repos\EdProject\EdProject.PresentationLayer\ClientApp\dist\out-tsc\models\edition.js.map
C:\Users\Anuitex-96\source\repos\EdProject\EdProject.PresentationLayer\ClientApp\dist\out-tsc\models\token.js
C:\Users\Anuitex-96\source\repos\EdProject\EdProject.PresentationLayer\ClientApp\dist\out-tsc\models\token.js.map
C:\Users\Anuitex-96\source\repos\EdProject\EdProject.PresentationLayer\ClientApp\dist\out-tsc\src\app\components\home\home.component.js
C:\Users\Anuitex-96\source\repos\EdProject\EdProject.PresentationLayer\ClientApp\dist\out-tsc\src\app\components\home\home.component.js.map
C:\Users\Anuitex-96\source\repos\EdProject\EdProject.PresentationLayer\ClientApp\dist\out-tsc\src\app\app-routing.module.js
C:\Users\Anuitex-96\source\repos\EdProject\EdProject.PresentationLayer\ClientApp\dist\out-tsc\src\app\app-routing.module.js.map
C:\Users\Anuitex-96\source\repos\EdProject\EdProject.PresentationLayer\ClientApp\dist\out-tsc\src\app\app.component.js
C:\Users\Anuitex-96\source\repos\EdProject\EdProject.PresentationLayer\ClientApp\dist\out-tsc\src\app\app.component.js.map
C:\Users\Anuitex-96\source\repos\EdProject\EdProject.PresentationLayer\ClientApp\dist\out-tsc\src\app\app.module.js
C:\Users\Anuitex-96\source\repos\EdProject\EdProject.PresentationLayer\ClientApp\dist\out-tsc\src\app\app.module.js.map
C:\Users\Anuitex-96\source\repos\EdProject\EdProject.PresentationLayer\ClientApp\dist\out-tsc\src\environments\environment.js
C:\Users\Anuitex-96\source\repos\EdProject\EdProject.PresentationLayer\ClientApp\dist\out-tsc\src\environments\environment.js.map
C:\Users\Anuitex-96\source\repos\EdProject\EdProject.PresentationLayer\ClientApp\dist\out-tsc\src\main.js
C:\Users\Anuitex-96\source\repos\EdProject\EdProject.PresentationLayer\ClientApp\dist\out-tsc\src\main.js.map
C:\Users\Anuitex-96\source\repos\EdProject\EdProject.PresentationLayer\ClientApp\dist\out-tsc\src\polyfills.js
C:\Users\Anuitex-96\source\repos\EdProject\EdProject.PresentationLayer\ClientApp\dist\out-tsc\src\polyfills.js.map
C:\Users\Anuitex-96\source\repos\EdProject\EdProject.PresentationLayer\ClientApp\dist\out-tsc\src\test.js
C:\Users\Anuitex-96\source\repos\EdProject\EdProject.PresentationLayer\ClientApp\dist\out-tsc\src\test.js.map
C:\Users\Anuitex-96\source\repos\EdProject\EdProject.PresentationLayer\ClientApp\dist\out-tsc\src\app\app-injection-tokens.js
C:\Users\Anuitex-96\source\repos\EdProject\EdProject.PresentationLayer\ClientApp\dist\out-tsc\src\app\app-injection-tokens.js.map
C:\Users\Anuitex-96\source\repos\EdProject\EdProject.PresentationLayer\ClientApp\dist\out-tsc\src\app\app.component.spec.js
C:\Users\Anuitex-96\source\repos\EdProject\EdProject.PresentationLayer\ClientApp\dist\out-tsc\src\app\app.component.spec.js.map
C:\Users\Anuitex-96\source\repos\EdProject\EdProject.PresentationLayer\ClientApp\dist\out-tsc\src\app\components\home\home.component.spec.js
C:\Users\Anuitex-96\source\repos\EdProject\EdProject.PresentationLayer\ClientApp\dist\out-tsc\src\app\components\home\home.component.spec.js.map
C:\Users\Anuitex-96\source\repos\EdProject\EdProject.PresentationLayer\ClientApp\dist\out-tsc\src\environments\environment.prod.js
C:\Users\Anuitex-96\source\repos\EdProject\EdProject.PresentationLayer\ClientApp\dist\out-tsc\src\environments\environment.prod.js.map
